  [4;36;1mSQL (0.3ms)[0m   [0;1m SELECT name
 FROM sqlite_master
 WHERE type = 'table' AND NOT name = 'sqlite_sequence'
[0m
  [4;35;1mSQL (0.2ms)[0m   [0mselect sqlite_version(*)[0m
  [4;36;1mSQL (2.1ms)[0m   [0;1mCREATE TABLE "schema_migrations" ("version" varchar(255) NOT NULL) [0m
  [4;35;1mSQL (35.3ms)[0m   [0mCREATE UNIQUE INDEX "unique_schema_migrations" ON "schema_migrations" ("version")[0m
  [4;36;1mSQL (0.3ms)[0m   [0;1m SELECT name
 FROM sqlite_master
 WHERE type = 'table' AND NOT name = 'sqlite_sequence'
[0m
  [4;35;1mSQL (0.1ms)[0m   [0mSELECT version FROM schema_migrations[0m
Migrating to CreateProjects (20100304035633)
  [4;36;1mSQL (0.6ms)[0m   [0;1mCREATE TABLE "projects" ("id" INTEGER PRIMARY KEY AUTOINCREMENT NOT NULL, "name" varchar(255), "created_at" datetime, "updated_at" datetime) [0m
  [4;35;1mSQL (0.2ms)[0m   [0mINSERT INTO schema_migrations (version) VALUES ('20100304035633')[0m
  [4;36;1mSQL (0.3ms)[0m   [0;1m SELECT name
 FROM sqlite_master
 WHERE type = 'table' AND NOT name = 'sqlite_sequence'
[0m
  [4;35;1mSQL (0.1ms)[0m   [0mSELECT version FROM schema_migrations[0m
  [4;36;1mSQL (0.2ms)[0m   [0;1m SELECT name
 FROM sqlite_master
 WHERE type = 'table' AND NOT name = 'sqlite_sequence'
[0m
  [4;35;1mSQL (0.1ms)[0m   [0mPRAGMA index_list("projects")[0m


Processing ProjectsController#index (for 127.0.0.1 at 2010-03-03 22:59:59) [GET]
  [4;36;1mProject Load (0.5ms)[0m   [0;1mSELECT * FROM "projects" [0m
Rendering template within layouts/projects
Rendering projects/index
Completed in 37ms (View: 32, DB: 0) | 200 OK [http://0.0.0.0/projects]


Processing ProjectsController#new (for 127.0.0.1 at 2010-03-03 23:00:01) [GET]
Rendering template within layouts/projects
Rendering projects/new
Completed in 16ms (View: 10, DB: 0) | 200 OK [http://0.0.0.0/projects/new]


Processing ProjectsController#create (for 127.0.0.1 at 2010-03-03 23:00:03) [POST]
  Parameters: {"commit"=>"Create", "authenticity_token"=>"4WmwQ8mR0ytoM1bkwyKkewkM6Xj4W1soBL2jypo2XGY=", "project"=>{"name"=>"test"}}
  [4;35;1mProject Create (0.6ms)[0m   [0mINSERT INTO "projects" ("name", "created_at", "updated_at") VALUES('test', '2010-03-04 04:00:04', '2010-03-04 04:00:04')[0m
Redirected to http://0.0.0.0:3000/projects/1
Completed in 64ms (DB: 1) | 302 Found [http://0.0.0.0/projects]


Processing ProjectsController#show (for 127.0.0.1 at 2010-03-03 23:00:04) [GET]
  Parameters: {"id"=>"1"}
  [4;36;1mProject Load (0.3ms)[0m   [0;1mSELECT * FROM "projects" WHERE ("projects"."id" = 1) [0m
Rendering template within layouts/projects
Rendering projects/show
Completed in 14ms (View: 8, DB: 0) | 200 OK [http://0.0.0.0/projects/1]


Processing ProjectsController#edit (for 127.0.0.1 at 2010-03-03 23:00:06) [GET]
  Parameters: {"id"=>"1"}
  [4;35;1mProject Load (0.2ms)[0m   [0mSELECT * FROM "projects" WHERE ("projects"."id" = 1) [0m
Rendering template within layouts/projects
Rendering projects/edit
Completed in 16ms (View: 11, DB: 0) | 200 OK [http://0.0.0.0/projects/1/edit]


Processing ProjectsController#index (for 127.0.0.1 at 2010-03-03 23:00:08) [GET]
  [4;36;1mProject Load (0.5ms)[0m   [0;1mSELECT * FROM "projects" [0m
Rendering template within layouts/projects
Rendering projects/index
Completed in 11ms (View: 6, DB: 0) | 200 OK [http://0.0.0.0/projects]
  [4;36;1mSQL (0.5ms)[0m   [0;1m SELECT name
 FROM sqlite_master
 WHERE type = 'table' AND NOT name = 'sqlite_sequence'
[0m
  [4;35;1mSQL (0.2ms)[0m   [0mSELECT version FROM schema_migrations[0m
Migrating to CreateProjects (20100304035633)
Migrating to CreateTasks (20100304040201)
  [4;36;1mSQL (0.1ms)[0m   [0;1mselect sqlite_version(*)[0m
  [4;35;1mSQL (0.6ms)[0m   [0mCREATE TABLE "tasks" ("id" INTEGER PRIMARY KEY AUTOINCREMENT NOT NULL, "name" varchar(255), "project_id" integer, "description" text, "parent" integer, "created_at" datetime, "updated_at" datetime) [0m
  [4;36;1mSQL (0.2ms)[0m   [0;1mINSERT INTO schema_migrations (version) VALUES ('20100304040201')[0m
  [4;35;1mSQL (0.3ms)[0m   [0m SELECT name
 FROM sqlite_master
 WHERE type = 'table' AND NOT name = 'sqlite_sequence'
[0m
  [4;36;1mSQL (0.2ms)[0m   [0;1mSELECT version FROM schema_migrations[0m
  [4;35;1mSQL (0.2ms)[0m   [0m SELECT name
 FROM sqlite_master
 WHERE type = 'table' AND NOT name = 'sqlite_sequence'
[0m
  [4;36;1mSQL (0.1ms)[0m   [0;1mPRAGMA index_list("projects")[0m
  [4;35;1mSQL (0.0ms)[0m   [0mPRAGMA index_list("tasks")[0m


Processing ProjectsController#index (for 127.0.0.1 at 2010-03-03 23:02:10) [GET]
  [4;35;1mProject Load (0.5ms)[0m   [0mSELECT * FROM "projects" [0m
Rendering template within layouts/projects
Rendering projects/index
Completed in 12ms (View: 7, DB: 1) | 200 OK [http://0.0.0.0/projects]


Processing ProjectsController#show (for 127.0.0.1 at 2010-03-03 23:02:14) [GET]
  Parameters: {"id"=>"1"}
  [4;36;1mProject Load (0.2ms)[0m   [0;1mSELECT * FROM "projects" WHERE ("projects"."id" = 1) [0m
Rendering template within layouts/projects
Rendering projects/show
Completed in 8ms (View: 3, DB: 0) | 200 OK [http://0.0.0.0/projects/1]


Processing TasksController#index (for 127.0.0.1 at 2010-03-03 23:02:18) [GET]
  Parameters: {"project_id"=>"1"}
  [4;35;1mTask Load (0.4ms)[0m   [0mSELECT * FROM "tasks" [0m
Rendering template within layouts/tasks
Rendering tasks/index
Completed in 34ms (View: 11, DB: 0) | 200 OK [http://0.0.0.0/projects/1/tasks]


Processing TasksController#new (for 127.0.0.1 at 2010-03-03 23:02:22) [GET]
Rendering template within layouts/tasks
Rendering tasks/new
Completed in 18ms (View: 12, DB: 0) | 200 OK [http://0.0.0.0/tasks/new]


Processing TasksController#index (for 127.0.0.1 at 2010-03-03 23:03:38) [GET]
  Parameters: {"project_id"=>"1"}
  [4;36;1mTask Load (0.4ms)[0m   [0;1mSELECT * FROM "tasks" [0m
Rendering template within layouts/application
Rendering tasks/index
Completed in 12ms (View: 6, DB: 0) | 200 OK [http://0.0.0.0/projects/1/tasks]


Processing TasksController#index (for 127.0.0.1 at 2010-03-03 23:06:59) [GET]
  [4;35;1mTask Load (0.4ms)[0m   [0mSELECT * FROM "tasks" [0m
Rendering template within layouts/application
Rendering tasks/index
Completed in 86ms (View: 81, DB: 0) | 200 OK [http://0.0.0.0/tasks]


Processing ApplicationController#index (for 127.0.0.1 at 2010-03-03 23:06:59) [GET]

ActionController::RoutingError (No route matches "/javascripts/jquery-ui.js" with {:method=>:get}):
  /Users/sdavis/.rvm/rubies/ruby-1.8.7-p249/lib/ruby/1.8/webrick/httpserver.rb:104:in `service'
  /Users/sdavis/.rvm/rubies/ruby-1.8.7-p249/lib/ruby/1.8/webrick/httpserver.rb:65:in `run'
  /Users/sdavis/.rvm/rubies/ruby-1.8.7-p249/lib/ruby/1.8/webrick/server.rb:173:in `start_thread'
  /Users/sdavis/.rvm/rubies/ruby-1.8.7-p249/lib/ruby/1.8/webrick/server.rb:162:in `start'
  /Users/sdavis/.rvm/rubies/ruby-1.8.7-p249/lib/ruby/1.8/webrick/server.rb:162:in `start_thread'
  /Users/sdavis/.rvm/rubies/ruby-1.8.7-p249/lib/ruby/1.8/webrick/server.rb:95:in `start'
  /Users/sdavis/.rvm/rubies/ruby-1.8.7-p249/lib/ruby/1.8/webrick/server.rb:92:in `each'
  /Users/sdavis/.rvm/rubies/ruby-1.8.7-p249/lib/ruby/1.8/webrick/server.rb:92:in `start'
  /Users/sdavis/.rvm/rubies/ruby-1.8.7-p249/lib/ruby/1.8/webrick/server.rb:23:in `start'
  /Users/sdavis/.rvm/rubies/ruby-1.8.7-p249/lib/ruby/1.8/webrick/server.rb:82:in `start'

Rendering rescues/layout (not_found)


Processing ApplicationController#index (for 127.0.0.1 at 2010-03-03 23:06:59) [GET]

ActionController::RoutingError (No route matches "/javascripts/jquery.js" with {:method=>:get}):
  /Users/sdavis/.rvm/rubies/ruby-1.8.7-p249/lib/ruby/1.8/webrick/httpserver.rb:104:in `service'
  /Users/sdavis/.rvm/rubies/ruby-1.8.7-p249/lib/ruby/1.8/webrick/httpserver.rb:65:in `run'
  /Users/sdavis/.rvm/rubies/ruby-1.8.7-p249/lib/ruby/1.8/webrick/server.rb:173:in `start_thread'
  /Users/sdavis/.rvm/rubies/ruby-1.8.7-p249/lib/ruby/1.8/webrick/server.rb:162:in `start'
  /Users/sdavis/.rvm/rubies/ruby-1.8.7-p249/lib/ruby/1.8/webrick/server.rb:162:in `start_thread'
  /Users/sdavis/.rvm/rubies/ruby-1.8.7-p249/lib/ruby/1.8/webrick/server.rb:95:in `start'
  /Users/sdavis/.rvm/rubies/ruby-1.8.7-p249/lib/ruby/1.8/webrick/server.rb:92:in `each'
  /Users/sdavis/.rvm/rubies/ruby-1.8.7-p249/lib/ruby/1.8/webrick/server.rb:92:in `start'
  /Users/sdavis/.rvm/rubies/ruby-1.8.7-p249/lib/ruby/1.8/webrick/server.rb:23:in `start'
  /Users/sdavis/.rvm/rubies/ruby-1.8.7-p249/lib/ruby/1.8/webrick/server.rb:82:in `start'

Rendering rescues/layout (not_found)


Processing TasksController#index (for 127.0.0.1 at 2010-03-03 23:09:02) [GET]
  [4;36;1mTask Load (0.4ms)[0m   [0;1mSELECT * FROM "tasks" [0m
Rendering template within layouts/application
Rendering tasks/index

ActionView::TemplateError (undefined local variable or method `csrf_meta_tag' for #<ActionView::Base:0x103682618>) on line #3 of app/views/layouts/application.html.erb:
1: <html>
2:   <head>
3:     <%= csrf_meta_tag %>
4:     <%= javascript_include_tag "http://ajax.googleapis.com/ajax/libs/jquery/1.4.2/jquery.min.js",
5:     "http://ajax.googleapis.com/ajax/libs/jqueryui/1.7.2/jquery-ui.min.js", :defaults %>
6:     <%= stylesheet_link_tag 'scaffold' %>

    app/views/layouts/application.html.erb:3
    app/controllers/tasks_controller.rb:7:in `index'
    /Users/sdavis/.rvm/rubies/ruby-1.8.7-p249/lib/ruby/1.8/webrick/httpserver.rb:104:in `service'
    /Users/sdavis/.rvm/rubies/ruby-1.8.7-p249/lib/ruby/1.8/webrick/httpserver.rb:65:in `run'
    /Users/sdavis/.rvm/rubies/ruby-1.8.7-p249/lib/ruby/1.8/webrick/server.rb:173:in `start_thread'
    /Users/sdavis/.rvm/rubies/ruby-1.8.7-p249/lib/ruby/1.8/webrick/server.rb:162:in `start'
    /Users/sdavis/.rvm/rubies/ruby-1.8.7-p249/lib/ruby/1.8/webrick/server.rb:162:in `start_thread'
    /Users/sdavis/.rvm/rubies/ruby-1.8.7-p249/lib/ruby/1.8/webrick/server.rb:95:in `start'
    /Users/sdavis/.rvm/rubies/ruby-1.8.7-p249/lib/ruby/1.8/webrick/server.rb:92:in `each'
    /Users/sdavis/.rvm/rubies/ruby-1.8.7-p249/lib/ruby/1.8/webrick/server.rb:92:in `start'
    /Users/sdavis/.rvm/rubies/ruby-1.8.7-p249/lib/ruby/1.8/webrick/server.rb:23:in `start'
    /Users/sdavis/.rvm/rubies/ruby-1.8.7-p249/lib/ruby/1.8/webrick/server.rb:82:in `start'

Rendered rescues/_trace (137.3ms)
Rendered rescues/_request_and_response (1.4ms)
Rendering rescues/layout (internal_server_error)
/!\ FAILSAFE /!\  Wed Mar 03 23:10:54 -0500 2010
  Status: 500 Internal Server Error
  /Users/sdavis/collab/app/helpers/application_helper.rb:5: syntax error, unexpected tSYMBEG, expecting kDO or '{' or '('
    out << tag :meta, :name => 'csrf-token', :...
                ^
/Users/sdavis/collab/app/helpers/application_helper.rb:5: syntax error, unexpected ',', expecting kEND
... :meta, :name => 'csrf-token', :content => form_authenticity...
                              ^
/Users/sdavis/collab/app/helpers/application_helper.rb:6: syntax error, unexpected tSYMBEG, expecting kDO or '{' or '('
    out << tag :meta, :name => 'csrf-param', :...
                ^
/Users/sdavis/collab/app/helpers/application_helper.rb:6: syntax error, unexpected ',', expecting kEND
... :meta, :name => 'csrf-param', :content => authenticity_toke...
                              ^
    /Users/sdavis/.rvm/gems/ruby-1.8.7-p249/gems/activesupport-2.3.5/lib/active_support/dependencies.rb:380:in `load_without_new_constant_marking'
    /Users/sdavis/.rvm/gems/ruby-1.8.7-p249/gems/activesupport-2.3.5/lib/active_support/dependencies.rb:380:in `load_file'
    /Users/sdavis/.rvm/gems/ruby-1.8.7-p249/gems/activesupport-2.3.5/lib/active_support/dependencies.rb:521:in `new_constants_in'
    /Users/sdavis/.rvm/gems/ruby-1.8.7-p249/gems/activesupport-2.3.5/lib/active_support/dependencies.rb:379:in `load_file'
    /Users/sdavis/.rvm/gems/ruby-1.8.7-p249/gems/activesupport-2.3.5/lib/active_support/dependencies.rb:259:in `require_or_load'
    /Users/sdavis/.rvm/gems/ruby-1.8.7-p249/gems/activesupport-2.3.5/lib/active_support/dependencies.rb:224:in `depend_on'
    /Users/sdavis/.rvm/gems/ruby-1.8.7-p249/gems/activesupport-2.3.5/lib/active_support/dependencies.rb:136:in `require_dependency'
    /Users/sdavis/.rvm/gems/ruby-1.8.7-p249/gems/actionpack-2.3.5/lib/action_controller/helpers.rb:197:in `default_helper_module!'
    /Users/sdavis/.rvm/gems/ruby-1.8.7-p249/gems/actionpack-2.3.5/lib/action_controller/helpers.rb:212:in `__send__'
    /Users/sdavis/.rvm/gems/ruby-1.8.7-p249/gems/actionpack-2.3.5/lib/action_controller/helpers.rb:212:in `inherited'
    /Users/sdavis/collab/app/controllers/application_controller.rb:4
    /Users/sdavis/.rvm/gems/ruby-1.8.7-p249/gems/activesupport-2.3.5/lib/active_support/dependencies.rb:380:in `load_without_new_constant_marking'
    /Users/sdavis/.rvm/gems/ruby-1.8.7-p249/gems/activesupport-2.3.5/lib/active_support/dependencies.rb:380:in `load_file'
    /Users/sdavis/.rvm/gems/ruby-1.8.7-p249/gems/activesupport-2.3.5/lib/active_support/dependencies.rb:521:in `new_constants_in'
    /Users/sdavis/.rvm/gems/ruby-1.8.7-p249/gems/activesupport-2.3.5/lib/active_support/dependencies.rb:379:in `load_file'
    /Users/sdavis/.rvm/gems/ruby-1.8.7-p249/gems/activesupport-2.3.5/lib/active_support/dependencies.rb:259:in `require_or_load'
    /Users/sdavis/.rvm/gems/ruby-1.8.7-p249/gems/activesupport-2.3.5/lib/active_support/dependencies.rb:425:in `load_missing_constant'
    /Users/sdavis/.rvm/gems/ruby-1.8.7-p249/gems/activesupport-2.3.5/lib/active_support/dependencies.rb:80:in `const_missing'
    /Users/sdavis/.rvm/gems/ruby-1.8.7-p249/gems/activesupport-2.3.5/lib/active_support/dependencies.rb:92:in `const_missing'
    /Users/sdavis/.rvm/gems/ruby-1.8.7-p249/gems/actionpack-2.3.5/lib/action_controller/dispatcher.rb:89:in `dispatch'
    /Users/sdavis/.rvm/gems/ruby-1.8.7-p249/gems/actionpack-2.3.5/lib/action_controller/dispatcher.rb:121:in `_call'
    /Users/sdavis/.rvm/gems/ruby-1.8.7-p249/gems/actionpack-2.3.5/lib/action_controller/dispatcher.rb:130
    /Users/sdavis/.rvm/gems/ruby-1.8.7-p249/gems/activerecord-2.3.5/lib/active_record/query_cache.rb:29:in `call'
    /Users/sdavis/.rvm/gems/ruby-1.8.7-p249/gems/activerecord-2.3.5/lib/active_record/query_cache.rb:29:in `call'
    /Users/sdavis/.rvm/gems/ruby-1.8.7-p249/gems/activerecord-2.3.5/lib/active_record/connection_adapters/abstract/query_cache.rb:34:in `cache'
    /Users/sdavis/.rvm/gems/ruby-1.8.7-p249/gems/activerecord-2.3.5/lib/active_record/query_cache.rb:9:in `cache'
    /Users/sdavis/.rvm/gems/ruby-1.8.7-p249/gems/activerecord-2.3.5/lib/active_record/query_cache.rb:28:in `call'
    /Users/sdavis/.rvm/gems/ruby-1.8.7-p249/gems/activerecord-2.3.5/lib/active_record/connection_adapters/abstract/connection_pool.rb:361:in `call'
    /Users/sdavis/.rvm/gems/ruby-1.8.7-p249/gems/actionpack-2.3.5/lib/action_controller/string_coercion.rb:25:in `call'
    /Users/sdavis/.rvm/gems/ruby-1.8.7-p249/gems/rack-1.0.1/lib/rack/head.rb:9:in `call'
    /Users/sdavis/.rvm/gems/ruby-1.8.7-p249/gems/rack-1.0.1/lib/rack/methodoverride.rb:24:in `call'
    /Users/sdavis/.rvm/gems/ruby-1.8.7-p249/gems/actionpack-2.3.5/lib/action_controller/params_parser.rb:15:in `call'
    /Users/sdavis/.rvm/gems/ruby-1.8.7-p249/gems/actionpack-2.3.5/lib/action_controller/session/cookie_store.rb:93:in `call'
    /Users/sdavis/.rvm/gems/ruby-1.8.7-p249/gems/actionpack-2.3.5/lib/action_controller/failsafe.rb:26:in `call'
    /Users/sdavis/.rvm/gems/ruby-1.8.7-p249/gems/rack-1.0.1/lib/rack/lock.rb:11:in `call'
    /Users/sdavis/.rvm/gems/ruby-1.8.7-p249/gems/rack-1.0.1/lib/rack/lock.rb:11:in `synchronize'
    /Users/sdavis/.rvm/gems/ruby-1.8.7-p249/gems/rack-1.0.1/lib/rack/lock.rb:11:in `call'
    /Users/sdavis/.rvm/gems/ruby-1.8.7-p249/gems/actionpack-2.3.5/lib/action_controller/dispatcher.rb:114:in `call'
    /Users/sdavis/.rvm/gems/ruby-1.8.7-p249/gems/actionpack-2.3.5/lib/action_controller/reloader.rb:34:in `run'
    /Users/sdavis/.rvm/gems/ruby-1.8.7-p249/gems/actionpack-2.3.5/lib/action_controller/dispatcher.rb:108:in `call'
    /Users/sdavis/.rvm/gems/ruby-1.8.7-p249/gems/rails-2.3.5/lib/rails/rack/static.rb:31:in `call'
    /Users/sdavis/.rvm/gems/ruby-1.8.7-p249/gems/rack-1.0.1/lib/rack/urlmap.rb:46:in `call'
    /Users/sdavis/.rvm/gems/ruby-1.8.7-p249/gems/rack-1.0.1/lib/rack/urlmap.rb:40:in `each'
    /Users/sdavis/.rvm/gems/ruby-1.8.7-p249/gems/rack-1.0.1/lib/rack/urlmap.rb:40:in `call'
    /Users/sdavis/.rvm/gems/ruby-1.8.7-p249/gems/rails-2.3.5/lib/rails/rack/log_tailer.rb:17:in `call'
    /Users/sdavis/.rvm/gems/ruby-1.8.7-p249/gems/rack-1.0.1/lib/rack/content_length.rb:13:in `call'
    /Users/sdavis/.rvm/gems/ruby-1.8.7-p249/gems/rack-1.0.1/lib/rack/handler/webrick.rb:50:in `service'
    /Users/sdavis/.rvm/rubies/ruby-1.8.7-p249/lib/ruby/1.8/webrick/httpserver.rb:104:in `service'
    /Users/sdavis/.rvm/rubies/ruby-1.8.7-p249/lib/ruby/1.8/webrick/httpserver.rb:65:in `run'
    /Users/sdavis/.rvm/rubies/ruby-1.8.7-p249/lib/ruby/1.8/webrick/server.rb:173:in `start_thread'
    /Users/sdavis/.rvm/rubies/ruby-1.8.7-p249/lib/ruby/1.8/webrick/server.rb:162:in `start'
    /Users/sdavis/.rvm/rubies/ruby-1.8.7-p249/lib/ruby/1.8/webrick/server.rb:162:in `start_thread'
    /Users/sdavis/.rvm/rubies/ruby-1.8.7-p249/lib/ruby/1.8/webrick/server.rb:95:in `start'
    /Users/sdavis/.rvm/rubies/ruby-1.8.7-p249/lib/ruby/1.8/webrick/server.rb:92:in `each'
    /Users/sdavis/.rvm/rubies/ruby-1.8.7-p249/lib/ruby/1.8/webrick/server.rb:92:in `start'
    /Users/sdavis/.rvm/rubies/ruby-1.8.7-p249/lib/ruby/1.8/webrick/server.rb:23:in `start'
    /Users/sdavis/.rvm/rubies/ruby-1.8.7-p249/lib/ruby/1.8/webrick/server.rb:82:in `start'
    /Users/sdavis/.rvm/gems/ruby-1.8.7-p249/gems/rack-1.0.1/lib/rack/handler/webrick.rb:14:in `run'
    /Users/sdavis/.rvm/gems/ruby-1.8.7-p249/gems/rails-2.3.5/lib/commands/server.rb:111
    /Users/sdavis/.rvm/rubies/ruby-1.8.7-p249/lib/ruby/site_ruby/1.8/rubygems/custom_require.rb:31:in `gem_original_require'
    /Users/sdavis/.rvm/rubies/ruby-1.8.7-p249/lib/ruby/site_ruby/1.8/rubygems/custom_require.rb:31:in `require'
    script/server:3


Processing TasksController#index (for 127.0.0.1 at 2010-03-03 23:11:24) [GET]
  [4;35;1mTask Load (0.4ms)[0m   [0mSELECT * FROM "tasks" [0m
Rendering template within layouts/application
Rendering tasks/index

ActionView::TemplateError (undefined local variable or method `out' for #<ActionView::Base:0x103738cb0>) on line #3 of app/views/layouts/application.html.erb:
1: <html>
2:   <head>
3:     <%= csrf_meta_tag %>
4:     <%= javascript_include_tag "http://ajax.googleapis.com/ajax/libs/jquery/1.4.2/jquery.min.js",
5:     "http://ajax.googleapis.com/ajax/libs/jqueryui/1.7.2/jquery-ui.min.js", :defaults %>
6:     <%= stylesheet_link_tag 'scaffold' %>

    app/helpers/application_helper.rb:5:in `csrf_meta_tag'
    app/views/layouts/application.html.erb:3
    app/controllers/tasks_controller.rb:7:in `index'
    /Users/sdavis/.rvm/rubies/ruby-1.8.7-p249/lib/ruby/1.8/webrick/httpserver.rb:104:in `service'
    /Users/sdavis/.rvm/rubies/ruby-1.8.7-p249/lib/ruby/1.8/webrick/httpserver.rb:65:in `run'
    /Users/sdavis/.rvm/rubies/ruby-1.8.7-p249/lib/ruby/1.8/webrick/server.rb:173:in `start_thread'
    /Users/sdavis/.rvm/rubies/ruby-1.8.7-p249/lib/ruby/1.8/webrick/server.rb:162:in `start'
    /Users/sdavis/.rvm/rubies/ruby-1.8.7-p249/lib/ruby/1.8/webrick/server.rb:162:in `start_thread'
    /Users/sdavis/.rvm/rubies/ruby-1.8.7-p249/lib/ruby/1.8/webrick/server.rb:95:in `start'
    /Users/sdavis/.rvm/rubies/ruby-1.8.7-p249/lib/ruby/1.8/webrick/server.rb:92:in `each'
    /Users/sdavis/.rvm/rubies/ruby-1.8.7-p249/lib/ruby/1.8/webrick/server.rb:92:in `start'
    /Users/sdavis/.rvm/rubies/ruby-1.8.7-p249/lib/ruby/1.8/webrick/server.rb:23:in `start'
    /Users/sdavis/.rvm/rubies/ruby-1.8.7-p249/lib/ruby/1.8/webrick/server.rb:82:in `start'

Rendered rescues/_trace (61.1ms)
Rendered rescues/_request_and_response (0.3ms)
Rendering rescues/layout (internal_server_error)


Processing TasksController#index (for 127.0.0.1 at 2010-03-03 23:11:36) [GET]
  [4;36;1mTask Load (0.4ms)[0m   [0;1mSELECT * FROM "tasks" [0m
Rendering template within layouts/application
Rendering tasks/index

ActionView::TemplateError (undefined local variable or method `authenticity_token' for #<ActionView::Base:0x103478b60>) on line #3 of app/views/layouts/application.html.erb:
1: <html>
2:   <head>
3:     <%= csrf_meta_tag %>
4:     <%= javascript_include_tag "http://ajax.googleapis.com/ajax/libs/jquery/1.4.2/jquery.min.js",
5:     "http://ajax.googleapis.com/ajax/libs/jqueryui/1.7.2/jquery-ui.min.js", :defaults %>
6:     <%= stylesheet_link_tag 'scaffold' %>

    app/helpers/application_helper.rb:7:in `csrf_meta_tag'
    app/views/layouts/application.html.erb:3
    app/controllers/tasks_controller.rb:7:in `index'
    /Users/sdavis/.rvm/rubies/ruby-1.8.7-p249/lib/ruby/1.8/webrick/httpserver.rb:104:in `service'
    /Users/sdavis/.rvm/rubies/ruby-1.8.7-p249/lib/ruby/1.8/webrick/httpserver.rb:65:in `run'
    /Users/sdavis/.rvm/rubies/ruby-1.8.7-p249/lib/ruby/1.8/webrick/server.rb:173:in `start_thread'
    /Users/sdavis/.rvm/rubies/ruby-1.8.7-p249/lib/ruby/1.8/webrick/server.rb:162:in `start'
    /Users/sdavis/.rvm/rubies/ruby-1.8.7-p249/lib/ruby/1.8/webrick/server.rb:162:in `start_thread'
    /Users/sdavis/.rvm/rubies/ruby-1.8.7-p249/lib/ruby/1.8/webrick/server.rb:95:in `start'
    /Users/sdavis/.rvm/rubies/ruby-1.8.7-p249/lib/ruby/1.8/webrick/server.rb:92:in `each'
    /Users/sdavis/.rvm/rubies/ruby-1.8.7-p249/lib/ruby/1.8/webrick/server.rb:92:in `start'
    /Users/sdavis/.rvm/rubies/ruby-1.8.7-p249/lib/ruby/1.8/webrick/server.rb:23:in `start'
    /Users/sdavis/.rvm/rubies/ruby-1.8.7-p249/lib/ruby/1.8/webrick/server.rb:82:in `start'

Rendered rescues/_trace (63.4ms)
Rendered rescues/_request_and_response (0.3ms)
Rendering rescues/layout (internal_server_error)


Processing TasksController#index (for 127.0.0.1 at 2010-03-03 23:11:47) [GET]
  [4;35;1mTask Load (0.4ms)[0m   [0mSELECT * FROM "tasks" [0m
Rendering template within layouts/application
Rendering tasks/index
Completed in 9ms (View: 4, DB: 0) | 200 OK [http://0.0.0.0/tasks]


Processing ApplicationController#index (for 127.0.0.1 at 2010-03-03 23:11:47) [GET]

ActionController::RoutingError (No route matches "/javascripts/jquery.js" with {:method=>:get}):
  /Users/sdavis/.rvm/rubies/ruby-1.8.7-p249/lib/ruby/1.8/webrick/httpserver.rb:104:in `service'
  /Users/sdavis/.rvm/rubies/ruby-1.8.7-p249/lib/ruby/1.8/webrick/httpserver.rb:65:in `run'
  /Users/sdavis/.rvm/rubies/ruby-1.8.7-p249/lib/ruby/1.8/webrick/server.rb:173:in `start_thread'
  /Users/sdavis/.rvm/rubies/ruby-1.8.7-p249/lib/ruby/1.8/webrick/server.rb:162:in `start'
  /Users/sdavis/.rvm/rubies/ruby-1.8.7-p249/lib/ruby/1.8/webrick/server.rb:162:in `start_thread'
  /Users/sdavis/.rvm/rubies/ruby-1.8.7-p249/lib/ruby/1.8/webrick/server.rb:95:in `start'
  /Users/sdavis/.rvm/rubies/ruby-1.8.7-p249/lib/ruby/1.8/webrick/server.rb:92:in `each'
  /Users/sdavis/.rvm/rubies/ruby-1.8.7-p249/lib/ruby/1.8/webrick/server.rb:92:in `start'
  /Users/sdavis/.rvm/rubies/ruby-1.8.7-p249/lib/ruby/1.8/webrick/server.rb:23:in `start'
  /Users/sdavis/.rvm/rubies/ruby-1.8.7-p249/lib/ruby/1.8/webrick/server.rb:82:in `start'

Rendering rescues/layout (not_found)


Processing ApplicationController#index (for 127.0.0.1 at 2010-03-03 23:11:47) [GET]

ActionController::RoutingError (No route matches "/javascripts/jquery-ui.js" with {:method=>:get}):
  /Users/sdavis/.rvm/rubies/ruby-1.8.7-p249/lib/ruby/1.8/webrick/httpserver.rb:104:in `service'
  /Users/sdavis/.rvm/rubies/ruby-1.8.7-p249/lib/ruby/1.8/webrick/httpserver.rb:65:in `run'
  /Users/sdavis/.rvm/rubies/ruby-1.8.7-p249/lib/ruby/1.8/webrick/server.rb:173:in `start_thread'
  /Users/sdavis/.rvm/rubies/ruby-1.8.7-p249/lib/ruby/1.8/webrick/server.rb:162:in `start'
  /Users/sdavis/.rvm/rubies/ruby-1.8.7-p249/lib/ruby/1.8/webrick/server.rb:162:in `start_thread'
  /Users/sdavis/.rvm/rubies/ruby-1.8.7-p249/lib/ruby/1.8/webrick/server.rb:95:in `start'
  /Users/sdavis/.rvm/rubies/ruby-1.8.7-p249/lib/ruby/1.8/webrick/server.rb:92:in `each'
  /Users/sdavis/.rvm/rubies/ruby-1.8.7-p249/lib/ruby/1.8/webrick/server.rb:92:in `start'
  /Users/sdavis/.rvm/rubies/ruby-1.8.7-p249/lib/ruby/1.8/webrick/server.rb:23:in `start'
  /Users/sdavis/.rvm/rubies/ruby-1.8.7-p249/lib/ruby/1.8/webrick/server.rb:82:in `start'

Rendering rescues/layout (not_found)


Processing TasksController#index (for 127.0.0.1 at 2010-03-03 23:15:33) [GET]
  [4;36;1mTask Load (0.4ms)[0m   [0;1mSELECT * FROM "tasks" [0m
Rendering template within layouts/application
Rendering tasks/index
Completed in 10ms (View: 4, DB: 0) | 200 OK [http://0.0.0.0/tasks]


Processing ApplicationController#index (for 127.0.0.1 at 2010-03-03 23:15:33) [GET]

ActionController::RoutingError (No route matches "/javascripts/jquery.js" with {:method=>:get}):
  /Users/sdavis/.rvm/rubies/ruby-1.8.7-p249/lib/ruby/1.8/webrick/httpserver.rb:104:in `service'
  /Users/sdavis/.rvm/rubies/ruby-1.8.7-p249/lib/ruby/1.8/webrick/httpserver.rb:65:in `run'
  /Users/sdavis/.rvm/rubies/ruby-1.8.7-p249/lib/ruby/1.8/webrick/server.rb:173:in `start_thread'
  /Users/sdavis/.rvm/rubies/ruby-1.8.7-p249/lib/ruby/1.8/webrick/server.rb:162:in `start'
  /Users/sdavis/.rvm/rubies/ruby-1.8.7-p249/lib/ruby/1.8/webrick/server.rb:162:in `start_thread'
  /Users/sdavis/.rvm/rubies/ruby-1.8.7-p249/lib/ruby/1.8/webrick/server.rb:95:in `start'
  /Users/sdavis/.rvm/rubies/ruby-1.8.7-p249/lib/ruby/1.8/webrick/server.rb:92:in `each'
  /Users/sdavis/.rvm/rubies/ruby-1.8.7-p249/lib/ruby/1.8/webrick/server.rb:92:in `start'
  /Users/sdavis/.rvm/rubies/ruby-1.8.7-p249/lib/ruby/1.8/webrick/server.rb:23:in `start'
  /Users/sdavis/.rvm/rubies/ruby-1.8.7-p249/lib/ruby/1.8/webrick/server.rb:82:in `start'

Rendering rescues/layout (not_found)


Processing ApplicationController#index (for 127.0.0.1 at 2010-03-03 23:15:33) [GET]

ActionController::RoutingError (No route matches "/javascripts/jquery-ui.js" with {:method=>:get}):
  /Users/sdavis/.rvm/rubies/ruby-1.8.7-p249/lib/ruby/1.8/webrick/httpserver.rb:104:in `service'
  /Users/sdavis/.rvm/rubies/ruby-1.8.7-p249/lib/ruby/1.8/webrick/httpserver.rb:65:in `run'
  /Users/sdavis/.rvm/rubies/ruby-1.8.7-p249/lib/ruby/1.8/webrick/server.rb:173:in `start_thread'
  /Users/sdavis/.rvm/rubies/ruby-1.8.7-p249/lib/ruby/1.8/webrick/server.rb:162:in `start'
  /Users/sdavis/.rvm/rubies/ruby-1.8.7-p249/lib/ruby/1.8/webrick/server.rb:162:in `start_thread'
  /Users/sdavis/.rvm/rubies/ruby-1.8.7-p249/lib/ruby/1.8/webrick/server.rb:95:in `start'
  /Users/sdavis/.rvm/rubies/ruby-1.8.7-p249/lib/ruby/1.8/webrick/server.rb:92:in `each'
  /Users/sdavis/.rvm/rubies/ruby-1.8.7-p249/lib/ruby/1.8/webrick/server.rb:92:in `start'
  /Users/sdavis/.rvm/rubies/ruby-1.8.7-p249/lib/ruby/1.8/webrick/server.rb:23:in `start'
  /Users/sdavis/.rvm/rubies/ruby-1.8.7-p249/lib/ruby/1.8/webrick/server.rb:82:in `start'

Rendering rescues/layout (not_found)


Processing TasksController#index (for 127.0.0.1 at 2010-03-03 23:16:25) [GET]
  [4;35;1mTask Load (0.6ms)[0m   [0mSELECT * FROM "tasks" [0m
Rendering template within layouts/application
Rendering tasks/index
Completed in 12ms (View: 6, DB: 1) | 200 OK [http://0.0.0.0/tasks]


Processing ApplicationController#index (for 127.0.0.1 at 2010-03-03 23:16:26) [GET]

ActionController::RoutingError (No route matches "/javascripts/jquery.js" with {:method=>:get}):
  /Users/sdavis/.rvm/rubies/ruby-1.8.7-p249/lib/ruby/1.8/webrick/httpserver.rb:104:in `service'
  /Users/sdavis/.rvm/rubies/ruby-1.8.7-p249/lib/ruby/1.8/webrick/httpserver.rb:65:in `run'
  /Users/sdavis/.rvm/rubies/ruby-1.8.7-p249/lib/ruby/1.8/webrick/server.rb:173:in `start_thread'
  /Users/sdavis/.rvm/rubies/ruby-1.8.7-p249/lib/ruby/1.8/webrick/server.rb:162:in `start'
  /Users/sdavis/.rvm/rubies/ruby-1.8.7-p249/lib/ruby/1.8/webrick/server.rb:162:in `start_thread'
  /Users/sdavis/.rvm/rubies/ruby-1.8.7-p249/lib/ruby/1.8/webrick/server.rb:95:in `start'
  /Users/sdavis/.rvm/rubies/ruby-1.8.7-p249/lib/ruby/1.8/webrick/server.rb:92:in `each'
  /Users/sdavis/.rvm/rubies/ruby-1.8.7-p249/lib/ruby/1.8/webrick/server.rb:92:in `start'
  /Users/sdavis/.rvm/rubies/ruby-1.8.7-p249/lib/ruby/1.8/webrick/server.rb:23:in `start'
  /Users/sdavis/.rvm/rubies/ruby-1.8.7-p249/lib/ruby/1.8/webrick/server.rb:82:in `start'

Rendering rescues/layout (not_found)


Processing ApplicationController#index (for 127.0.0.1 at 2010-03-03 23:16:26) [GET]

ActionController::RoutingError (No route matches "/javascripts/jquery-ui.js" with {:method=>:get}):
  /Users/sdavis/.rvm/rubies/ruby-1.8.7-p249/lib/ruby/1.8/webrick/httpserver.rb:104:in `service'
  /Users/sdavis/.rvm/rubies/ruby-1.8.7-p249/lib/ruby/1.8/webrick/httpserver.rb:65:in `run'
  /Users/sdavis/.rvm/rubies/ruby-1.8.7-p249/lib/ruby/1.8/webrick/server.rb:173:in `start_thread'
  /Users/sdavis/.rvm/rubies/ruby-1.8.7-p249/lib/ruby/1.8/webrick/server.rb:162:in `start'
  /Users/sdavis/.rvm/rubies/ruby-1.8.7-p249/lib/ruby/1.8/webrick/server.rb:162:in `start_thread'
  /Users/sdavis/.rvm/rubies/ruby-1.8.7-p249/lib/ruby/1.8/webrick/server.rb:95:in `start'
  /Users/sdavis/.rvm/rubies/ruby-1.8.7-p249/lib/ruby/1.8/webrick/server.rb:92:in `each'
  /Users/sdavis/.rvm/rubies/ruby-1.8.7-p249/lib/ruby/1.8/webrick/server.rb:92:in `start'
  /Users/sdavis/.rvm/rubies/ruby-1.8.7-p249/lib/ruby/1.8/webrick/server.rb:23:in `start'
  /Users/sdavis/.rvm/rubies/ruby-1.8.7-p249/lib/ruby/1.8/webrick/server.rb:82:in `start'

Rendering rescues/layout (not_found)


Processing ApplicationController#index (for 127.0.0.1 at 2010-03-03 23:16:27) [GET]

ActionController::RoutingError (No route matches "/javascripts/jquery.js" with {:method=>:get}):
  /Users/sdavis/.rvm/rubies/ruby-1.8.7-p249/lib/ruby/1.8/webrick/httpserver.rb:104:in `service'
  /Users/sdavis/.rvm/rubies/ruby-1.8.7-p249/lib/ruby/1.8/webrick/httpserver.rb:65:in `run'
  /Users/sdavis/.rvm/rubies/ruby-1.8.7-p249/lib/ruby/1.8/webrick/server.rb:173:in `start_thread'
  /Users/sdavis/.rvm/rubies/ruby-1.8.7-p249/lib/ruby/1.8/webrick/server.rb:162:in `start'
  /Users/sdavis/.rvm/rubies/ruby-1.8.7-p249/lib/ruby/1.8/webrick/server.rb:162:in `start_thread'
  /Users/sdavis/.rvm/rubies/ruby-1.8.7-p249/lib/ruby/1.8/webrick/server.rb:95:in `start'
  /Users/sdavis/.rvm/rubies/ruby-1.8.7-p249/lib/ruby/1.8/webrick/server.rb:92:in `each'
  /Users/sdavis/.rvm/rubies/ruby-1.8.7-p249/lib/ruby/1.8/webrick/server.rb:92:in `start'
  /Users/sdavis/.rvm/rubies/ruby-1.8.7-p249/lib/ruby/1.8/webrick/server.rb:23:in `start'
  /Users/sdavis/.rvm/rubies/ruby-1.8.7-p249/lib/ruby/1.8/webrick/server.rb:82:in `start'

Rendering rescues/layout (not_found)


Processing ApplicationController#index (for 127.0.0.1 at 2010-03-03 23:16:28) [GET]

ActionController::RoutingError (No route matches "/javascripts/jquery-ui.js" with {:method=>:get}):
  /Users/sdavis/.rvm/rubies/ruby-1.8.7-p249/lib/ruby/1.8/webrick/httpserver.rb:104:in `service'
  /Users/sdavis/.rvm/rubies/ruby-1.8.7-p249/lib/ruby/1.8/webrick/httpserver.rb:65:in `run'
  /Users/sdavis/.rvm/rubies/ruby-1.8.7-p249/lib/ruby/1.8/webrick/server.rb:173:in `start_thread'
  /Users/sdavis/.rvm/rubies/ruby-1.8.7-p249/lib/ruby/1.8/webrick/server.rb:162:in `start'
  /Users/sdavis/.rvm/rubies/ruby-1.8.7-p249/lib/ruby/1.8/webrick/server.rb:162:in `start_thread'
  /Users/sdavis/.rvm/rubies/ruby-1.8.7-p249/lib/ruby/1.8/webrick/server.rb:95:in `start'
  /Users/sdavis/.rvm/rubies/ruby-1.8.7-p249/lib/ruby/1.8/webrick/server.rb:92:in `each'
  /Users/sdavis/.rvm/rubies/ruby-1.8.7-p249/lib/ruby/1.8/webrick/server.rb:92:in `start'
  /Users/sdavis/.rvm/rubies/ruby-1.8.7-p249/lib/ruby/1.8/webrick/server.rb:23:in `start'
  /Users/sdavis/.rvm/rubies/ruby-1.8.7-p249/lib/ruby/1.8/webrick/server.rb:82:in `start'

Rendering rescues/layout (not_found)


Processing TasksController#index (for 127.0.0.1 at 2010-03-03 23:16:34) [GET]
  [4;36;1mTask Load (0.4ms)[0m   [0;1mSELECT * FROM "tasks" [0m
Rendering template within layouts/application
Rendering tasks/index
Completed in 10ms (View: 5, DB: 0) | 200 OK [http://0.0.0.0/tasks]


Processing ApplicationController#index (for 127.0.0.1 at 2010-03-03 23:16:34) [GET]

ActionController::RoutingError (No route matches "/javascripts/jquery.js" with {:method=>:get}):
  /Users/sdavis/.rvm/rubies/ruby-1.8.7-p249/lib/ruby/1.8/webrick/httpserver.rb:104:in `service'
  /Users/sdavis/.rvm/rubies/ruby-1.8.7-p249/lib/ruby/1.8/webrick/httpserver.rb:65:in `run'
  /Users/sdavis/.rvm/rubies/ruby-1.8.7-p249/lib/ruby/1.8/webrick/server.rb:173:in `start_thread'
  /Users/sdavis/.rvm/rubies/ruby-1.8.7-p249/lib/ruby/1.8/webrick/server.rb:162:in `start'
  /Users/sdavis/.rvm/rubies/ruby-1.8.7-p249/lib/ruby/1.8/webrick/server.rb:162:in `start_thread'
  /Users/sdavis/.rvm/rubies/ruby-1.8.7-p249/lib/ruby/1.8/webrick/server.rb:95:in `start'
  /Users/sdavis/.rvm/rubies/ruby-1.8.7-p249/lib/ruby/1.8/webrick/server.rb:92:in `each'
  /Users/sdavis/.rvm/rubies/ruby-1.8.7-p249/lib/ruby/1.8/webrick/server.rb:92:in `start'
  /Users/sdavis/.rvm/rubies/ruby-1.8.7-p249/lib/ruby/1.8/webrick/server.rb:23:in `start'
  /Users/sdavis/.rvm/rubies/ruby-1.8.7-p249/lib/ruby/1.8/webrick/server.rb:82:in `start'

Rendering rescues/layout (not_found)


Processing ApplicationController#index (for 127.0.0.1 at 2010-03-03 23:16:34) [GET]

ActionController::RoutingError (No route matches "/javascripts/jquery-ui.js" with {:method=>:get}):
  /Users/sdavis/.rvm/rubies/ruby-1.8.7-p249/lib/ruby/1.8/webrick/httpserver.rb:104:in `service'
  /Users/sdavis/.rvm/rubies/ruby-1.8.7-p249/lib/ruby/1.8/webrick/httpserver.rb:65:in `run'
  /Users/sdavis/.rvm/rubies/ruby-1.8.7-p249/lib/ruby/1.8/webrick/server.rb:173:in `start_thread'
  /Users/sdavis/.rvm/rubies/ruby-1.8.7-p249/lib/ruby/1.8/webrick/server.rb:162:in `start'
  /Users/sdavis/.rvm/rubies/ruby-1.8.7-p249/lib/ruby/1.8/webrick/server.rb:162:in `start_thread'
  /Users/sdavis/.rvm/rubies/ruby-1.8.7-p249/lib/ruby/1.8/webrick/server.rb:95:in `start'
  /Users/sdavis/.rvm/rubies/ruby-1.8.7-p249/lib/ruby/1.8/webrick/server.rb:92:in `each'
  /Users/sdavis/.rvm/rubies/ruby-1.8.7-p249/lib/ruby/1.8/webrick/server.rb:92:in `start'
  /Users/sdavis/.rvm/rubies/ruby-1.8.7-p249/lib/ruby/1.8/webrick/server.rb:23:in `start'
  /Users/sdavis/.rvm/rubies/ruby-1.8.7-p249/lib/ruby/1.8/webrick/server.rb:82:in `start'

Rendering rescues/layout (not_found)


Processing ApplicationController#index (for 127.0.0.1 at 2010-03-03 23:16:34) [GET]

ActionController::RoutingError (No route matches "/javascripts/jquery.js" with {:method=>:get}):
  /Users/sdavis/.rvm/rubies/ruby-1.8.7-p249/lib/ruby/1.8/webrick/httpserver.rb:104:in `service'
  /Users/sdavis/.rvm/rubies/ruby-1.8.7-p249/lib/ruby/1.8/webrick/httpserver.rb:65:in `run'
  /Users/sdavis/.rvm/rubies/ruby-1.8.7-p249/lib/ruby/1.8/webrick/server.rb:173:in `start_thread'
  /Users/sdavis/.rvm/rubies/ruby-1.8.7-p249/lib/ruby/1.8/webrick/server.rb:162:in `start'
  /Users/sdavis/.rvm/rubies/ruby-1.8.7-p249/lib/ruby/1.8/webrick/server.rb:162:in `start_thread'
  /Users/sdavis/.rvm/rubies/ruby-1.8.7-p249/lib/ruby/1.8/webrick/server.rb:95:in `start'
  /Users/sdavis/.rvm/rubies/ruby-1.8.7-p249/lib/ruby/1.8/webrick/server.rb:92:in `each'
  /Users/sdavis/.rvm/rubies/ruby-1.8.7-p249/lib/ruby/1.8/webrick/server.rb:92:in `start'
  /Users/sdavis/.rvm/rubies/ruby-1.8.7-p249/lib/ruby/1.8/webrick/server.rb:23:in `start'
  /Users/sdavis/.rvm/rubies/ruby-1.8.7-p249/lib/ruby/1.8/webrick/server.rb:82:in `start'

Rendering rescues/layout (not_found)


Processing ApplicationController#index (for 127.0.0.1 at 2010-03-03 23:16:34) [GET]

ActionController::RoutingError (No route matches "/javascripts/jquery-ui.js" with {:method=>:get}):
  /Users/sdavis/.rvm/rubies/ruby-1.8.7-p249/lib/ruby/1.8/webrick/httpserver.rb:104:in `service'
  /Users/sdavis/.rvm/rubies/ruby-1.8.7-p249/lib/ruby/1.8/webrick/httpserver.rb:65:in `run'
  /Users/sdavis/.rvm/rubies/ruby-1.8.7-p249/lib/ruby/1.8/webrick/server.rb:173:in `start_thread'
  /Users/sdavis/.rvm/rubies/ruby-1.8.7-p249/lib/ruby/1.8/webrick/server.rb:162:in `start'
  /Users/sdavis/.rvm/rubies/ruby-1.8.7-p249/lib/ruby/1.8/webrick/server.rb:162:in `start_thread'
  /Users/sdavis/.rvm/rubies/ruby-1.8.7-p249/lib/ruby/1.8/webrick/server.rb:95:in `start'
  /Users/sdavis/.rvm/rubies/ruby-1.8.7-p249/lib/ruby/1.8/webrick/server.rb:92:in `each'
  /Users/sdavis/.rvm/rubies/ruby-1.8.7-p249/lib/ruby/1.8/webrick/server.rb:92:in `start'
  /Users/sdavis/.rvm/rubies/ruby-1.8.7-p249/lib/ruby/1.8/webrick/server.rb:23:in `start'
  /Users/sdavis/.rvm/rubies/ruby-1.8.7-p249/lib/ruby/1.8/webrick/server.rb:82:in `start'

Rendering rescues/layout (not_found)


Processing TasksController#index (for 127.0.0.1 at 2010-03-03 23:17:10) [GET]
  [4;36;1mTask Load (0.6ms)[0m   [0;1mSELECT * FROM "tasks" [0m
Rendering template within layouts/application
Rendering tasks/index
Completed in 48ms (View: 27, DB: 1) | 200 OK [http://0.0.0.0/tasks]


Processing TasksController#index (for 127.0.0.1 at 2010-03-03 23:17:29) [GET]
  Parameters: {"project_id"=>"1"}
  [4;35;1mTask Load (0.6ms)[0m   [0mSELECT * FROM "tasks" [0m
Rendering template within layouts/application
Rendering tasks/index
Completed in 13ms (View: 7, DB: 1) | 200 OK [http://0.0.0.0/projects/1/tasks]


Processing ProjectsController#index (for 127.0.0.1 at 2010-03-03 23:18:20) [GET]
  [4;36;1mProject Load (0.6ms)[0m   [0;1mSELECT * FROM "projects" [0m
Rendering template within layouts/application
Rendering projects/index
Completed in 65ms (View: 59, DB: 1) | 200 OK [http://0.0.0.0/]


Processing ProjectsController#index (for 127.0.0.1 at 2010-03-03 23:19:06) [GET]
  [4;35;1mProject Load (0.5ms)[0m   [0mSELECT * FROM "projects" [0m
Rendering template within layouts/application
Rendering projects/index
Completed in 18ms (View: 12, DB: 1) | 200 OK [http://0.0.0.0/]


Processing ProjectsController#index (for 127.0.0.1 at 2010-03-03 23:19:16) [GET]
  [4;36;1mProject Load (0.9ms)[0m   [0;1mSELECT * FROM "projects" [0m
Rendering template within layouts/application
Rendering projects/index
Completed in 15ms (View: 9, DB: 1) | 200 OK [http://0.0.0.0/]


Processing ProjectsController#index (for 127.0.0.1 at 2010-03-03 23:19:58) [GET]
  [4;35;1mProject Load (0.6ms)[0m   [0mSELECT * FROM "projects" [0m
Rendering template within layouts/application
Rendering projects/index
Completed in 85ms (View: 79, DB: 1) | 200 OK [http://0.0.0.0/]


Processing ProjectsController#show (for 127.0.0.1 at 2010-03-03 23:20:01) [GET]
  Parameters: {"id"=>"1"}
  [4;36;1mProject Load (0.3ms)[0m   [0;1mSELECT * FROM "projects" WHERE ("projects"."id" = 1) [0m
Rendering template within layouts/application
Rendering projects/show
Completed in 17ms (View: 8, DB: 0) | 200 OK [http://0.0.0.0/projects/1]


Processing ProjectsController#edit (for 127.0.0.1 at 2010-03-03 23:20:02) [GET]
  Parameters: {"id"=>"1"}
  [4;35;1mProject Load (0.2ms)[0m   [0mSELECT * FROM "projects" WHERE ("projects"."id" = 1) [0m
Rendering template within layouts/application
Rendering projects/edit
Completed in 31ms (View: 25, DB: 0) | 200 OK [http://0.0.0.0/projects/1/edit]


Processing ProjectsController#index (for 127.0.0.1 at 2010-03-03 23:20:06) [GET]
  [4;36;1mProject Load (0.5ms)[0m   [0;1mSELECT * FROM "projects" [0m
Rendering template within layouts/application
Rendering projects/index
Completed in 14ms (View: 9, DB: 1) | 200 OK [http://0.0.0.0/projects]


Processing ProjectsController#show (for 127.0.0.1 at 2010-03-03 23:20:09) [GET]
  Parameters: {"id"=>"1"}
  [4;35;1mProject Load (1.0ms)[0m   [0mSELECT * FROM "projects" WHERE ("projects"."id" = 1) [0m
Rendering template within layouts/application
Rendering projects/show
Completed in 12ms (View: 4, DB: 1) | 200 OK [http://0.0.0.0/projects/1]


Processing ApplicationController#index (for 127.0.0.1 at 2010-03-03 23:20:12) [GET]

ActionController::RoutingError (No route matches "/project/1" with {:method=>:get}):
  /Users/sdavis/.rvm/rubies/ruby-1.8.7-p249/lib/ruby/1.8/webrick/httpserver.rb:104:in `service'
  /Users/sdavis/.rvm/rubies/ruby-1.8.7-p249/lib/ruby/1.8/webrick/httpserver.rb:65:in `run'
  /Users/sdavis/.rvm/rubies/ruby-1.8.7-p249/lib/ruby/1.8/webrick/server.rb:173:in `start_thread'
  /Users/sdavis/.rvm/rubies/ruby-1.8.7-p249/lib/ruby/1.8/webrick/server.rb:162:in `start'
  /Users/sdavis/.rvm/rubies/ruby-1.8.7-p249/lib/ruby/1.8/webrick/server.rb:162:in `start_thread'
  /Users/sdavis/.rvm/rubies/ruby-1.8.7-p249/lib/ruby/1.8/webrick/server.rb:95:in `start'
  /Users/sdavis/.rvm/rubies/ruby-1.8.7-p249/lib/ruby/1.8/webrick/server.rb:92:in `each'
  /Users/sdavis/.rvm/rubies/ruby-1.8.7-p249/lib/ruby/1.8/webrick/server.rb:92:in `start'
  /Users/sdavis/.rvm/rubies/ruby-1.8.7-p249/lib/ruby/1.8/webrick/server.rb:23:in `start'
  /Users/sdavis/.rvm/rubies/ruby-1.8.7-p249/lib/ruby/1.8/webrick/server.rb:82:in `start'

Rendering rescues/layout (not_found)


Processing ProjectsController#show (for 127.0.0.1 at 2010-03-03 23:20:21) [GET]
  Parameters: {"id"=>"1"}
  [4;36;1mProject Load (0.3ms)[0m   [0;1mSELECT * FROM "projects" WHERE ("projects"."id" = 1) [0m
Rendering template within layouts/application
Rendering projects/show
Completed in 14ms (View: 5, DB: 0) | 200 OK [http://0.0.0.0/projects/1]


Processing ProjectsController#index (for 127.0.0.1 at 2010-03-03 23:20:33) [GET]
  [4;35;1mProject Load (0.8ms)[0m   [0mSELECT * FROM "projects" [0m
Rendering template within layouts/application
Rendering projects/index
Completed in 13ms (View: 8, DB: 1) | 200 OK [http://0.0.0.0/projects]


Processing ProjectsController#show (for 127.0.0.1 at 2010-03-03 23:20:39) [GET]
  Parameters: {"id"=>"1"}
  [4;36;1mProject Load (0.2ms)[0m   [0;1mSELECT * FROM "projects" WHERE ("projects"."id" = 1) [0m
Rendering template within layouts/application
Rendering projects/show
Completed in 13ms (View: 7, DB: 0) | 200 OK [http://0.0.0.0/projects/1]


Processing ApplicationController#show (for 127.0.0.1 at 2010-03-03 23:20:42) [GET]
  Parameters: {"id"=>"1"}

NameError (uninitialized constant ProjectController):
  /Users/sdavis/.rvm/rubies/ruby-1.8.7-p249/lib/ruby/1.8/webrick/httpserver.rb:104:in `service'
  /Users/sdavis/.rvm/rubies/ruby-1.8.7-p249/lib/ruby/1.8/webrick/httpserver.rb:65:in `run'
  /Users/sdavis/.rvm/rubies/ruby-1.8.7-p249/lib/ruby/1.8/webrick/server.rb:173:in `start_thread'
  /Users/sdavis/.rvm/rubies/ruby-1.8.7-p249/lib/ruby/1.8/webrick/server.rb:162:in `start'
  /Users/sdavis/.rvm/rubies/ruby-1.8.7-p249/lib/ruby/1.8/webrick/server.rb:162:in `start_thread'
  /Users/sdavis/.rvm/rubies/ruby-1.8.7-p249/lib/ruby/1.8/webrick/server.rb:95:in `start'
  /Users/sdavis/.rvm/rubies/ruby-1.8.7-p249/lib/ruby/1.8/webrick/server.rb:92:in `each'
  /Users/sdavis/.rvm/rubies/ruby-1.8.7-p249/lib/ruby/1.8/webrick/server.rb:92:in `start'
  /Users/sdavis/.rvm/rubies/ruby-1.8.7-p249/lib/ruby/1.8/webrick/server.rb:23:in `start'
  /Users/sdavis/.rvm/rubies/ruby-1.8.7-p249/lib/ruby/1.8/webrick/server.rb:82:in `start'

Rendered rescues/_trace (39.9ms)
Rendered rescues/_request_and_response (1.3ms)
Rendering rescues/layout (internal_server_error)


Processing ProjectsController#show (for 127.0.0.1 at 2010-03-03 23:21:36) [GET]
  Parameters: {"id"=>"1"}
  [4;35;1mProject Load (0.2ms)[0m   [0mSELECT * FROM "projects" WHERE ("projects"."id" = 1) [0m
Rendering template within layouts/application
Rendering projects/show
Completed in 12ms (View: 5, DB: 0) | 200 OK [http://0.0.0.0/projects/1]


Processing ProjectsController#edit (for 127.0.0.1 at 2010-03-03 23:21:38) [GET]
  Parameters: {"id"=>"1"}
  [4;36;1mProject Load (0.2ms)[0m   [0;1mSELECT * FROM "projects" WHERE ("projects"."id" = 1) [0m
Rendering template within layouts/application
Rendering projects/edit
Completed in 13ms (View: 7, DB: 0) | 200 OK [http://0.0.0.0/projects/1/edit]


Processing ProjectsController#edit (for 127.0.0.1 at 2010-03-03 23:25:04) [GET]
  Parameters: {"id"=>"1"}
  [4;35;1mProject Load (0.2ms)[0m   [0mSELECT * FROM "projects" WHERE ("projects"."id" = 1) [0m
Rendering template within layouts/application
Rendering projects/edit
Completed in 19ms (View: 14, DB: 0) | 200 OK [http://0.0.0.0/projects/1/edit]


Processing ProjectsController#edit (for 127.0.0.1 at 2010-03-03 23:25:11) [GET]
  Parameters: {"id"=>"10"}
  [4;36;1mProject Load (0.2ms)[0m   [0;1mSELECT * FROM "projects" WHERE ("projects"."id" = 10) [0m

ActiveRecord::RecordNotFound (Couldn't find Project with ID=10):
  app/controllers/projects_controller.rb:37:in `edit'
  /Users/sdavis/.rvm/rubies/ruby-1.8.7-p249/lib/ruby/1.8/webrick/httpserver.rb:104:in `service'
  /Users/sdavis/.rvm/rubies/ruby-1.8.7-p249/lib/ruby/1.8/webrick/httpserver.rb:65:in `run'
  /Users/sdavis/.rvm/rubies/ruby-1.8.7-p249/lib/ruby/1.8/webrick/server.rb:173:in `start_thread'
  /Users/sdavis/.rvm/rubies/ruby-1.8.7-p249/lib/ruby/1.8/webrick/server.rb:162:in `start'
  /Users/sdavis/.rvm/rubies/ruby-1.8.7-p249/lib/ruby/1.8/webrick/server.rb:162:in `start_thread'
  /Users/sdavis/.rvm/rubies/ruby-1.8.7-p249/lib/ruby/1.8/webrick/server.rb:95:in `start'
  /Users/sdavis/.rvm/rubies/ruby-1.8.7-p249/lib/ruby/1.8/webrick/server.rb:92:in `each'
  /Users/sdavis/.rvm/rubies/ruby-1.8.7-p249/lib/ruby/1.8/webrick/server.rb:92:in `start'
  /Users/sdavis/.rvm/rubies/ruby-1.8.7-p249/lib/ruby/1.8/webrick/server.rb:23:in `start'
  /Users/sdavis/.rvm/rubies/ruby-1.8.7-p249/lib/ruby/1.8/webrick/server.rb:82:in `start'

Rendered rescues/_trace (50.2ms)
Rendered rescues/_request_and_response (0.3ms)
Rendering rescues/layout (not_found)


Processing TasksController#index (for 127.0.0.1 at 2010-03-03 23:25:19) [GET]
  Parameters: {"project_id"=>"10"}
  [4;35;1mProject Load (0.1ms)[0m   [0mSELECT * FROM "projects" WHERE ("projects"."id" = 10) [0m
Redirected to http://0.0.0.0:3000/projects
Filter chain halted as [:load_project] rendered_or_redirected.
Completed in 5ms (DB: 0) | 302 Found [http://0.0.0.0/projects/10/tasks]


Processing ProjectsController#index (for 127.0.0.1 at 2010-03-03 23:25:19) [GET]
  [4;36;1mProject Load (0.5ms)[0m   [0;1mSELECT * FROM "projects" [0m
Rendering template within layouts/application
Rendering projects/index
Completed in 13ms (View: 8, DB: 1) | 200 OK [http://0.0.0.0/projects]


Processing ApplicationController#index (for 127.0.0.1 at 2010-03-03 23:26:12) [GET]

ActionController::RoutingError (No route matches "/projects/10/taks" with {:method=>:get}):
  /Users/sdavis/.rvm/rubies/ruby-1.8.7-p249/lib/ruby/1.8/webrick/httpserver.rb:104:in `service'
  /Users/sdavis/.rvm/rubies/ruby-1.8.7-p249/lib/ruby/1.8/webrick/httpserver.rb:65:in `run'
  /Users/sdavis/.rvm/rubies/ruby-1.8.7-p249/lib/ruby/1.8/webrick/server.rb:173:in `start_thread'
  /Users/sdavis/.rvm/rubies/ruby-1.8.7-p249/lib/ruby/1.8/webrick/server.rb:162:in `start'
  /Users/sdavis/.rvm/rubies/ruby-1.8.7-p249/lib/ruby/1.8/webrick/server.rb:162:in `start_thread'
  /Users/sdavis/.rvm/rubies/ruby-1.8.7-p249/lib/ruby/1.8/webrick/server.rb:95:in `start'
  /Users/sdavis/.rvm/rubies/ruby-1.8.7-p249/lib/ruby/1.8/webrick/server.rb:92:in `each'
  /Users/sdavis/.rvm/rubies/ruby-1.8.7-p249/lib/ruby/1.8/webrick/server.rb:92:in `start'
  /Users/sdavis/.rvm/rubies/ruby-1.8.7-p249/lib/ruby/1.8/webrick/server.rb:23:in `start'
  /Users/sdavis/.rvm/rubies/ruby-1.8.7-p249/lib/ruby/1.8/webrick/server.rb:82:in `start'

Rendering rescues/layout (not_found)


Processing TasksController#index (for 127.0.0.1 at 2010-03-03 23:26:15) [GET]
  Parameters: {"project_id"=>"10"}
  [4;35;1mProject Load (0.1ms)[0m   [0mSELECT * FROM "projects" WHERE ("projects"."id" = 10) [0m
Redirected to http://0.0.0.0:3000/projects
Filter chain halted as [:load_project] rendered_or_redirected.
Completed in 5ms (DB: 0) | 302 Found [http://0.0.0.0/projects/10/tasks]


Processing ProjectsController#index (for 127.0.0.1 at 2010-03-03 23:26:15) [GET]
  [4;36;1mProject Load (0.5ms)[0m   [0;1mSELECT * FROM "projects" [0m
Rendering template within layouts/application
Rendering projects/index
Completed in 17ms (View: 12, DB: 1) | 200 OK [http://0.0.0.0/projects]


Processing ApplicationController#index (for 127.0.0.1 at 2010-03-03 23:28:24) [GET]

ActionController::RoutingError (No route matches "/tasks/new" with {:method=>:get}):
  /Users/sdavis/.rvm/rubies/ruby-1.8.7-p249/lib/ruby/1.8/webrick/httpserver.rb:104:in `service'
  /Users/sdavis/.rvm/rubies/ruby-1.8.7-p249/lib/ruby/1.8/webrick/httpserver.rb:65:in `run'
  /Users/sdavis/.rvm/rubies/ruby-1.8.7-p249/lib/ruby/1.8/webrick/server.rb:173:in `start_thread'
  /Users/sdavis/.rvm/rubies/ruby-1.8.7-p249/lib/ruby/1.8/webrick/server.rb:162:in `start'
  /Users/sdavis/.rvm/rubies/ruby-1.8.7-p249/lib/ruby/1.8/webrick/server.rb:162:in `start_thread'
  /Users/sdavis/.rvm/rubies/ruby-1.8.7-p249/lib/ruby/1.8/webrick/server.rb:95:in `start'
  /Users/sdavis/.rvm/rubies/ruby-1.8.7-p249/lib/ruby/1.8/webrick/server.rb:92:in `each'
  /Users/sdavis/.rvm/rubies/ruby-1.8.7-p249/lib/ruby/1.8/webrick/server.rb:92:in `start'
  /Users/sdavis/.rvm/rubies/ruby-1.8.7-p249/lib/ruby/1.8/webrick/server.rb:23:in `start'
  /Users/sdavis/.rvm/rubies/ruby-1.8.7-p249/lib/ruby/1.8/webrick/server.rb:82:in `start'

Rendering rescues/layout (not_found)


Processing ApplicationController#index (for 127.0.0.1 at 2010-03-03 23:28:31) [GET]

ActionController::RoutingError (No route matches "/project/1/tasks/new" with {:method=>:get}):
  /Users/sdavis/.rvm/rubies/ruby-1.8.7-p249/lib/ruby/1.8/webrick/httpserver.rb:104:in `service'
  /Users/sdavis/.rvm/rubies/ruby-1.8.7-p249/lib/ruby/1.8/webrick/httpserver.rb:65:in `run'
  /Users/sdavis/.rvm/rubies/ruby-1.8.7-p249/lib/ruby/1.8/webrick/server.rb:173:in `start_thread'
  /Users/sdavis/.rvm/rubies/ruby-1.8.7-p249/lib/ruby/1.8/webrick/server.rb:162:in `start'
  /Users/sdavis/.rvm/rubies/ruby-1.8.7-p249/lib/ruby/1.8/webrick/server.rb:162:in `start_thread'
  /Users/sdavis/.rvm/rubies/ruby-1.8.7-p249/lib/ruby/1.8/webrick/server.rb:95:in `start'
  /Users/sdavis/.rvm/rubies/ruby-1.8.7-p249/lib/ruby/1.8/webrick/server.rb:92:in `each'
  /Users/sdavis/.rvm/rubies/ruby-1.8.7-p249/lib/ruby/1.8/webrick/server.rb:92:in `start'
  /Users/sdavis/.rvm/rubies/ruby-1.8.7-p249/lib/ruby/1.8/webrick/server.rb:23:in `start'
  /Users/sdavis/.rvm/rubies/ruby-1.8.7-p249/lib/ruby/1.8/webrick/server.rb:82:in `start'

Rendering rescues/layout (not_found)


Processing TasksController#new (for 127.0.0.1 at 2010-03-03 23:28:38) [GET]
  Parameters: {"project_id"=>"1"}
  [4;35;1mProject Load (0.3ms)[0m   [0mSELECT * FROM "projects" WHERE ("projects"."id" = 1) [0m
Rendering template within layouts/application
Rendering tasks/new

ActionView::TemplateError (undefined method `tasks_path' for #<ActionView::Base:0x10341ae20>) on line #3 of app/views/tasks/new.html.erb:
1: <h1>New task</h1>
2: 
3: <% form_for(@task) do |f| %>
4:   <%= f.error_messages %>
5: 
6:   <p>

    app/views/tasks/new.html.erb:3
    app/controllers/tasks_controller.rb:42:in `new'
    /Users/sdavis/.rvm/rubies/ruby-1.8.7-p249/lib/ruby/1.8/webrick/httpserver.rb:104:in `service'
    /Users/sdavis/.rvm/rubies/ruby-1.8.7-p249/lib/ruby/1.8/webrick/httpserver.rb:65:in `run'
    /Users/sdavis/.rvm/rubies/ruby-1.8.7-p249/lib/ruby/1.8/webrick/server.rb:173:in `start_thread'
    /Users/sdavis/.rvm/rubies/ruby-1.8.7-p249/lib/ruby/1.8/webrick/server.rb:162:in `start'
    /Users/sdavis/.rvm/rubies/ruby-1.8.7-p249/lib/ruby/1.8/webrick/server.rb:162:in `start_thread'
    /Users/sdavis/.rvm/rubies/ruby-1.8.7-p249/lib/ruby/1.8/webrick/server.rb:95:in `start'
    /Users/sdavis/.rvm/rubies/ruby-1.8.7-p249/lib/ruby/1.8/webrick/server.rb:92:in `each'
    /Users/sdavis/.rvm/rubies/ruby-1.8.7-p249/lib/ruby/1.8/webrick/server.rb:92:in `start'
    /Users/sdavis/.rvm/rubies/ruby-1.8.7-p249/lib/ruby/1.8/webrick/server.rb:23:in `start'
    /Users/sdavis/.rvm/rubies/ruby-1.8.7-p249/lib/ruby/1.8/webrick/server.rb:82:in `start'

Rendered rescues/_trace (169.4ms)
Rendered rescues/_request_and_response (0.3ms)
Rendering rescues/layout (internal_server_error)


Processing TasksController#new (for 127.0.0.1 at 2010-03-03 23:30:03) [GET]
  Parameters: {"project_id"=>"1"}
  [4;36;1mProject Load (0.3ms)[0m   [0;1mSELECT * FROM "projects" WHERE ("projects"."id" = 1) [0m
Rendering template within layouts/application
Rendering tasks/new

ActionView::TemplateError (undefined method `tasks_path' for #<ActionView::Base:0x103550628>) on line #3 of app/views/tasks/new.html.erb:
1: <h1>New task</h1>
2: 
3: <% form_for(@task) do |f| %>
4:   <%= f.error_messages %>
5: 
6:   <p>

    app/views/tasks/new.html.erb:3
    app/controllers/tasks_controller.rb:42:in `new'
    /Users/sdavis/.rvm/rubies/ruby-1.8.7-p249/lib/ruby/1.8/webrick/httpserver.rb:104:in `service'
    /Users/sdavis/.rvm/rubies/ruby-1.8.7-p249/lib/ruby/1.8/webrick/httpserver.rb:65:in `run'
    /Users/sdavis/.rvm/rubies/ruby-1.8.7-p249/lib/ruby/1.8/webrick/server.rb:173:in `start_thread'
    /Users/sdavis/.rvm/rubies/ruby-1.8.7-p249/lib/ruby/1.8/webrick/server.rb:162:in `start'
    /Users/sdavis/.rvm/rubies/ruby-1.8.7-p249/lib/ruby/1.8/webrick/server.rb:162:in `start_thread'
    /Users/sdavis/.rvm/rubies/ruby-1.8.7-p249/lib/ruby/1.8/webrick/server.rb:95:in `start'
    /Users/sdavis/.rvm/rubies/ruby-1.8.7-p249/lib/ruby/1.8/webrick/server.rb:92:in `each'
    /Users/sdavis/.rvm/rubies/ruby-1.8.7-p249/lib/ruby/1.8/webrick/server.rb:92:in `start'
    /Users/sdavis/.rvm/rubies/ruby-1.8.7-p249/lib/ruby/1.8/webrick/server.rb:23:in `start'
    /Users/sdavis/.rvm/rubies/ruby-1.8.7-p249/lib/ruby/1.8/webrick/server.rb:82:in `start'

Rendered rescues/_trace (145.3ms)
Rendered rescues/_request_and_response (0.3ms)
Rendering rescues/layout (internal_server_error)


Processing TasksController#new (for 127.0.0.1 at 2010-03-03 23:30:05) [GET]
  Parameters: {"project_id"=>"1"}
  [4;35;1mProject Load (0.3ms)[0m   [0mSELECT * FROM "projects" WHERE ("projects"."id" = 1) [0m
Rendering template within layouts/application
Rendering tasks/new

ActionView::TemplateError (undefined method `tasks_path' for #<ActionView::Base:0x1036321b8>) on line #3 of app/views/tasks/new.html.erb:
1: <h1>New task</h1>
2: 
3: <% form_for(@task) do |f| %>
4:   <%= f.error_messages %>
5: 
6:   <p>

    app/views/tasks/new.html.erb:3
    app/controllers/tasks_controller.rb:42:in `new'
    /Users/sdavis/.rvm/rubies/ruby-1.8.7-p249/lib/ruby/1.8/webrick/httpserver.rb:104:in `service'
    /Users/sdavis/.rvm/rubies/ruby-1.8.7-p249/lib/ruby/1.8/webrick/httpserver.rb:65:in `run'
    /Users/sdavis/.rvm/rubies/ruby-1.8.7-p249/lib/ruby/1.8/webrick/server.rb:173:in `start_thread'
    /Users/sdavis/.rvm/rubies/ruby-1.8.7-p249/lib/ruby/1.8/webrick/server.rb:162:in `start'
    /Users/sdavis/.rvm/rubies/ruby-1.8.7-p249/lib/ruby/1.8/webrick/server.rb:162:in `start_thread'
    /Users/sdavis/.rvm/rubies/ruby-1.8.7-p249/lib/ruby/1.8/webrick/server.rb:95:in `start'
    /Users/sdavis/.rvm/rubies/ruby-1.8.7-p249/lib/ruby/1.8/webrick/server.rb:92:in `each'
    /Users/sdavis/.rvm/rubies/ruby-1.8.7-p249/lib/ruby/1.8/webrick/server.rb:92:in `start'
    /Users/sdavis/.rvm/rubies/ruby-1.8.7-p249/lib/ruby/1.8/webrick/server.rb:23:in `start'
    /Users/sdavis/.rvm/rubies/ruby-1.8.7-p249/lib/ruby/1.8/webrick/server.rb:82:in `start'

Rendered rescues/_trace (76.4ms)
Rendered rescues/_request_and_response (0.4ms)
Rendering rescues/layout (internal_server_error)


Processing TasksController#new (for 127.0.0.1 at 2010-03-03 23:30:32) [GET]
  Parameters: {"project_id"=>"1"}
  [4;36;1mProject Load (0.3ms)[0m   [0;1mSELECT * FROM "projects" WHERE ("projects"."id" = 1) [0m
Rendering template within layouts/application
Rendering tasks/new

ActionView::TemplateError (undefined method `tasks_path' for #<ActionView::Base:0x1032e9b28>) on line #3 of app/views/tasks/new.html.erb:
1: <h1>New task</h1>
2: 
3: <% form_for(@task, :action => project_tasks_path(@project)) do |f| %>
4:   <%= f.error_messages %>
5: 
6:   <p>

    app/views/tasks/new.html.erb:3
    app/controllers/tasks_controller.rb:42:in `new'
    /Users/sdavis/.rvm/rubies/ruby-1.8.7-p249/lib/ruby/1.8/webrick/httpserver.rb:104:in `service'
    /Users/sdavis/.rvm/rubies/ruby-1.8.7-p249/lib/ruby/1.8/webrick/httpserver.rb:65:in `run'
    /Users/sdavis/.rvm/rubies/ruby-1.8.7-p249/lib/ruby/1.8/webrick/server.rb:173:in `start_thread'
    /Users/sdavis/.rvm/rubies/ruby-1.8.7-p249/lib/ruby/1.8/webrick/server.rb:162:in `start'
    /Users/sdavis/.rvm/rubies/ruby-1.8.7-p249/lib/ruby/1.8/webrick/server.rb:162:in `start_thread'
    /Users/sdavis/.rvm/rubies/ruby-1.8.7-p249/lib/ruby/1.8/webrick/server.rb:95:in `start'
    /Users/sdavis/.rvm/rubies/ruby-1.8.7-p249/lib/ruby/1.8/webrick/server.rb:92:in `each'
    /Users/sdavis/.rvm/rubies/ruby-1.8.7-p249/lib/ruby/1.8/webrick/server.rb:92:in `start'
    /Users/sdavis/.rvm/rubies/ruby-1.8.7-p249/lib/ruby/1.8/webrick/server.rb:23:in `start'
    /Users/sdavis/.rvm/rubies/ruby-1.8.7-p249/lib/ruby/1.8/webrick/server.rb:82:in `start'

Rendered rescues/_trace (69.8ms)
Rendered rescues/_request_and_response (0.3ms)
Rendering rescues/layout (internal_server_error)


Processing TasksController#new (for 127.0.0.1 at 2010-03-03 23:30:39) [GET]
  Parameters: {"project_id"=>"1"}
  [4;35;1mProject Load (0.2ms)[0m   [0mSELECT * FROM "projects" WHERE ("projects"."id" = 1) [0m
Rendering template within layouts/application
Rendering tasks/new
Completed in 28ms (View: 13, DB: 0) | 200 OK [http://0.0.0.0/projects/1/tasks/new]


Processing TasksController#create (for 127.0.0.1 at 2010-03-03 23:30:54) [POST]
  Parameters: {"commit"=>"Create", "project_id"=>"1", "authenticity_token"=>"4WmwQ8mR0ytoM1bkwyKkewkM6Xj4W1soBL2jypo2XGY=", "task"=>{"name"=>"test", "parent"=>"", "description"=>"foo"}}
  [4;36;1mProject Load (0.3ms)[0m   [0;1mSELECT * FROM "projects" WHERE ("projects"."id" = 1) [0m
  [4;35;1mTask Create (0.5ms)[0m   [0mINSERT INTO "tasks" ("name", "parent", "created_at", "project_id", "updated_at", "description") VALUES('test', NULL, '2010-03-04 04:30:54', 1, '2010-03-04 04:30:54', 'foo')[0m

NoMethodError (undefined method `task_url' for #<TasksController:0x1036f8318>):
  app/controllers/tasks_controller.rb:62
  app/controllers/tasks_controller.rb:59:in `create'
  /Users/sdavis/.rvm/rubies/ruby-1.8.7-p249/lib/ruby/1.8/webrick/httpserver.rb:104:in `service'
  /Users/sdavis/.rvm/rubies/ruby-1.8.7-p249/lib/ruby/1.8/webrick/httpserver.rb:65:in `run'
  /Users/sdavis/.rvm/rubies/ruby-1.8.7-p249/lib/ruby/1.8/webrick/server.rb:173:in `start_thread'
  /Users/sdavis/.rvm/rubies/ruby-1.8.7-p249/lib/ruby/1.8/webrick/server.rb:162:in `start'
  /Users/sdavis/.rvm/rubies/ruby-1.8.7-p249/lib/ruby/1.8/webrick/server.rb:162:in `start_thread'
  /Users/sdavis/.rvm/rubies/ruby-1.8.7-p249/lib/ruby/1.8/webrick/server.rb:95:in `start'
  /Users/sdavis/.rvm/rubies/ruby-1.8.7-p249/lib/ruby/1.8/webrick/server.rb:92:in `each'
  /Users/sdavis/.rvm/rubies/ruby-1.8.7-p249/lib/ruby/1.8/webrick/server.rb:92:in `start'
  /Users/sdavis/.rvm/rubies/ruby-1.8.7-p249/lib/ruby/1.8/webrick/server.rb:23:in `start'
  /Users/sdavis/.rvm/rubies/ruby-1.8.7-p249/lib/ruby/1.8/webrick/server.rb:82:in `start'

Rendered rescues/_trace (56.8ms)
Rendered rescues/_request_and_response (0.4ms)
Rendering rescues/layout (internal_server_error)


Processing TasksController#create (for 127.0.0.1 at 2010-03-03 23:31:36) [POST]
  Parameters: {"commit"=>"Create", "project_id"=>"1", "authenticity_token"=>"4WmwQ8mR0ytoM1bkwyKkewkM6Xj4W1soBL2jypo2XGY=", "task"=>{"name"=>"test", "parent"=>"", "description"=>"foo"}}
  [4;36;1mProject Load (0.2ms)[0m   [0;1mSELECT * FROM "projects" WHERE ("projects"."id" = 1) [0m
  [4;35;1mTask Create (0.5ms)[0m   [0mINSERT INTO "tasks" ("name", "parent", "created_at", "project_id", "updated_at", "description") VALUES('test', NULL, '2010-03-04 04:31:36', 1, '2010-03-04 04:31:36', 'foo')[0m

NoMethodError (undefined method `project_task' for #<TasksController:0x1034cb888>):
  app/controllers/tasks_controller.rb:62
  app/controllers/tasks_controller.rb:59:in `create'
  /Users/sdavis/.rvm/rubies/ruby-1.8.7-p249/lib/ruby/1.8/webrick/httpserver.rb:104:in `service'
  /Users/sdavis/.rvm/rubies/ruby-1.8.7-p249/lib/ruby/1.8/webrick/httpserver.rb:65:in `run'
  /Users/sdavis/.rvm/rubies/ruby-1.8.7-p249/lib/ruby/1.8/webrick/server.rb:173:in `start_thread'
  /Users/sdavis/.rvm/rubies/ruby-1.8.7-p249/lib/ruby/1.8/webrick/server.rb:162:in `start'
  /Users/sdavis/.rvm/rubies/ruby-1.8.7-p249/lib/ruby/1.8/webrick/server.rb:162:in `start_thread'
  /Users/sdavis/.rvm/rubies/ruby-1.8.7-p249/lib/ruby/1.8/webrick/server.rb:95:in `start'
  /Users/sdavis/.rvm/rubies/ruby-1.8.7-p249/lib/ruby/1.8/webrick/server.rb:92:in `each'
  /Users/sdavis/.rvm/rubies/ruby-1.8.7-p249/lib/ruby/1.8/webrick/server.rb:92:in `start'
  /Users/sdavis/.rvm/rubies/ruby-1.8.7-p249/lib/ruby/1.8/webrick/server.rb:23:in `start'
  /Users/sdavis/.rvm/rubies/ruby-1.8.7-p249/lib/ruby/1.8/webrick/server.rb:82:in `start'

Rendered rescues/_trace (124.5ms)
Rendered rescues/_request_and_response (0.4ms)
Rendering rescues/layout (internal_server_error)


Processing TasksController#create (for 127.0.0.1 at 2010-03-03 23:31:58) [POST]
  Parameters: {"commit"=>"Create", "project_id"=>"1", "authenticity_token"=>"4WmwQ8mR0ytoM1bkwyKkewkM6Xj4W1soBL2jypo2XGY=", "task"=>{"name"=>"test", "parent"=>"", "description"=>"foo"}}
  [4;36;1mProject Load (0.2ms)[0m   [0;1mSELECT * FROM "projects" WHERE ("projects"."id" = 1) [0m
  [4;35;1mTask Create (0.4ms)[0m   [0mINSERT INTO "tasks" ("name", "parent", "created_at", "project_id", "updated_at", "description") VALUES('test', NULL, '2010-03-04 04:31:58', 1, '2010-03-04 04:31:58', 'foo')[0m
Redirected to http://0.0.0.0:3000/projects/1/tasks/3
Completed in 17ms (DB: 1) | 302 Found [http://0.0.0.0/projects/1/tasks]


Processing TasksController#show (for 127.0.0.1 at 2010-03-03 23:31:58) [GET]
  Parameters: {"project_id"=>"1", "id"=>"3"}
  [4;36;1mProject Load (0.2ms)[0m   [0;1mSELECT * FROM "projects" WHERE ("projects"."id" = 1) [0m
  [4;35;1mTask Load (0.3ms)[0m   [0mSELECT * FROM "tasks" WHERE ("tasks"."id" = 3) [0m
Rendering template within layouts/application
Rendering tasks/show
  [4;36;1mCACHE (0.0ms)[0m   [0;1mSELECT * FROM "projects" WHERE ("projects"."id" = 1) [0m
Completed in 35ms (View: 25, DB: 1) | 200 OK [http://0.0.0.0/projects/1/tasks/3]


Processing TasksController#index (for 127.0.0.1 at 2010-03-03 23:32:03) [GET]
  Parameters: {"project_id"=>"1"}
  [4;35;1mProject Load (0.2ms)[0m   [0mSELECT * FROM "projects" WHERE ("projects"."id" = 1) [0m
  [4;36;1mTask Load (0.5ms)[0m   [0;1mSELECT * FROM "tasks" [0m
Rendering template within layouts/application
Rendering tasks/index
  [4;35;1mCACHE (0.0ms)[0m   [0mSELECT * FROM "projects" WHERE ("projects"."id" = 1) [0m

ActionView::TemplateError (undefined method `task_path' for #<ActionView::Base:0x1035021f8>) on line #17 of app/views/tasks/index.html.erb:
14:     <td><%=h task.project %></td>
15:     <td><%=h task.description %></td>
16:     <td><%=h task.parent %></td>
17:     <td><%= link_to 'Show', task %></td>
18:     <td><%= link_to 'Edit', edit_task_path(task) %></td>
19:     <td><%= link_to 'Destroy', task, :confirm => 'Are you sure?', :method => :delete %></td>
20:   </tr>

    app/views/tasks/index.html.erb:17
    app/views/tasks/index.html.erb:11:in `each'
    app/views/tasks/index.html.erb:11
    app/controllers/tasks_controller.rb:20:in `index'
    /Users/sdavis/.rvm/rubies/ruby-1.8.7-p249/lib/ruby/1.8/webrick/httpserver.rb:104:in `service'
    /Users/sdavis/.rvm/rubies/ruby-1.8.7-p249/lib/ruby/1.8/webrick/httpserver.rb:65:in `run'
    /Users/sdavis/.rvm/rubies/ruby-1.8.7-p249/lib/ruby/1.8/webrick/server.rb:173:in `start_thread'
    /Users/sdavis/.rvm/rubies/ruby-1.8.7-p249/lib/ruby/1.8/webrick/server.rb:162:in `start'
    /Users/sdavis/.rvm/rubies/ruby-1.8.7-p249/lib/ruby/1.8/webrick/server.rb:162:in `start_thread'
    /Users/sdavis/.rvm/rubies/ruby-1.8.7-p249/lib/ruby/1.8/webrick/server.rb:95:in `start'
    /Users/sdavis/.rvm/rubies/ruby-1.8.7-p249/lib/ruby/1.8/webrick/server.rb:92:in `each'
    /Users/sdavis/.rvm/rubies/ruby-1.8.7-p249/lib/ruby/1.8/webrick/server.rb:92:in `start'
    /Users/sdavis/.rvm/rubies/ruby-1.8.7-p249/lib/ruby/1.8/webrick/server.rb:23:in `start'
    /Users/sdavis/.rvm/rubies/ruby-1.8.7-p249/lib/ruby/1.8/webrick/server.rb:82:in `start'

Rendered rescues/_trace (171.4ms)
Rendered rescues/_request_and_response (0.3ms)
Rendering rescues/layout (internal_server_error)


Processing TasksController#index (for 127.0.0.1 at 2010-03-03 23:33:18) [GET]
  Parameters: {"project_id"=>"1"}
  [4;36;1mProject Load (0.2ms)[0m   [0;1mSELECT * FROM "projects" WHERE ("projects"."id" = 1) [0m
  [4;35;1mTask Load (0.6ms)[0m   [0mSELECT * FROM "tasks" [0m
Rendering template within layouts/application
Rendering tasks/index
  [4;36;1mCACHE (0.0ms)[0m   [0;1mSELECT * FROM "projects" WHERE ("projects"."id" = 1) [0m

ActionView::TemplateError (undefined method `task_path' for #<ActionView::Base:0x103586ae8>) on line #19 of app/views/tasks/index.html.erb:
16:     <td><%=h task.parent %></td>
17:     <td><%= link_to 'Show', project_task_path(@project, task) %></td>
18:     <td><%= link_to 'Edit', edit_project_task_path(@project, task) %></td>
19:     <td><%= link_to 'Destroy', task, :confirm => 'Are you sure?', :method => :delete %></td>
20:   </tr>
21: <% end %>
22: </table>

    app/views/tasks/index.html.erb:19
    app/views/tasks/index.html.erb:11:in `each'
    app/views/tasks/index.html.erb:11
    app/controllers/tasks_controller.rb:20:in `index'
    /Users/sdavis/.rvm/rubies/ruby-1.8.7-p249/lib/ruby/1.8/webrick/httpserver.rb:104:in `service'
    /Users/sdavis/.rvm/rubies/ruby-1.8.7-p249/lib/ruby/1.8/webrick/httpserver.rb:65:in `run'
    /Users/sdavis/.rvm/rubies/ruby-1.8.7-p249/lib/ruby/1.8/webrick/server.rb:173:in `start_thread'
    /Users/sdavis/.rvm/rubies/ruby-1.8.7-p249/lib/ruby/1.8/webrick/server.rb:162:in `start'
    /Users/sdavis/.rvm/rubies/ruby-1.8.7-p249/lib/ruby/1.8/webrick/server.rb:162:in `start_thread'
    /Users/sdavis/.rvm/rubies/ruby-1.8.7-p249/lib/ruby/1.8/webrick/server.rb:95:in `start'
    /Users/sdavis/.rvm/rubies/ruby-1.8.7-p249/lib/ruby/1.8/webrick/server.rb:92:in `each'
    /Users/sdavis/.rvm/rubies/ruby-1.8.7-p249/lib/ruby/1.8/webrick/server.rb:92:in `start'
    /Users/sdavis/.rvm/rubies/ruby-1.8.7-p249/lib/ruby/1.8/webrick/server.rb:23:in `start'
    /Users/sdavis/.rvm/rubies/ruby-1.8.7-p249/lib/ruby/1.8/webrick/server.rb:82:in `start'

Rendered rescues/_trace (167.4ms)
Rendered rescues/_request_and_response (0.4ms)
Rendering rescues/layout (internal_server_error)


Processing TasksController#index (for 127.0.0.1 at 2010-03-03 23:33:29) [GET]
  Parameters: {"project_id"=>"1"}
  [4;35;1mProject Load (0.3ms)[0m   [0mSELECT * FROM "projects" WHERE ("projects"."id" = 1) [0m
  [4;36;1mTask Load (0.5ms)[0m   [0;1mSELECT * FROM "tasks" [0m
Rendering template within layouts/application
Rendering tasks/index
  [4;35;1mCACHE (0.0ms)[0m   [0mSELECT * FROM "projects" WHERE ("projects"."id" = 1) [0m
  [4;36;1mCACHE (0.0ms)[0m   [0;1mSELECT * FROM "projects" WHERE ("projects"."id" = 1) [0m
  [4;35;1mCACHE (0.0ms)[0m   [0mSELECT * FROM "projects" WHERE ("projects"."id" = 1) [0m
Completed in 33ms (View: 23, DB: 1) | 200 OK [http://0.0.0.0/projects/1/tasks]


Processing TasksController#index (for 127.0.0.1 at 2010-03-03 23:33:35) [GET]
  Parameters: {"project_id"=>"1"}
  [4;36;1mProject Load (0.2ms)[0m   [0;1mSELECT * FROM "projects" WHERE ("projects"."id" = 1) [0m
  [4;35;1mTask Load (0.5ms)[0m   [0mSELECT * FROM "tasks" [0m
Rendering template within layouts/application
Rendering tasks/index
  [4;36;1mCACHE (0.0ms)[0m   [0;1mSELECT * FROM "projects" WHERE ("projects"."id" = 1) [0m
  [4;35;1mCACHE (0.0ms)[0m   [0mSELECT * FROM "projects" WHERE ("projects"."id" = 1) [0m
  [4;36;1mCACHE (0.0ms)[0m   [0;1mSELECT * FROM "projects" WHERE ("projects"."id" = 1) [0m
Completed in 36ms (View: 22, DB: 1) | 200 OK [http://0.0.0.0/projects/1/tasks]


Processing TasksController#index (for 127.0.0.1 at 2010-03-03 23:34:02) [GET]
  Parameters: {"project_id"=>"1"}
  [4;35;1mProject Load (0.3ms)[0m   [0mSELECT * FROM "projects" WHERE ("projects"."id" = 1) [0m
  [4;36;1mTask Load (0.5ms)[0m   [0;1mSELECT * FROM "tasks" [0m
Rendering template within layouts/application
Rendering tasks/index
  [4;35;1mCACHE (0.0ms)[0m   [0mSELECT * FROM "projects" WHERE ("projects"."id" = 1) [0m
  [4;36;1mCACHE (0.0ms)[0m   [0;1mSELECT * FROM "projects" WHERE ("projects"."id" = 1) [0m
  [4;35;1mCACHE (0.0ms)[0m   [0mSELECT * FROM "projects" WHERE ("projects"."id" = 1) [0m
Completed in 33ms (View: 23, DB: 1) | 200 OK [http://0.0.0.0/projects/1/tasks]


Processing ProjectsController#show (for 127.0.0.1 at 2010-03-03 23:34:07) [GET]
  Parameters: {"id"=>"1"}
  [4;36;1mProject Load (0.2ms)[0m   [0;1mSELECT * FROM "projects" WHERE ("projects"."id" = 1) [0m
Rendering template within layouts/application
Rendering projects/show
Completed in 47ms (View: 41, DB: 0) | 200 OK [http://0.0.0.0/projects/1]


Processing TasksController#edit (for 127.0.0.1 at 2010-03-03 23:37:51) [GET]
  Parameters: {"project_id"=>"1", "id"=>"3"}
  [4;35;1mProject Load (0.4ms)[0m   [0mSELECT * FROM "projects" WHERE ("projects"."id" = 1) [0m
  [4;36;1mTask Load (0.3ms)[0m   [0;1mSELECT * FROM "tasks" WHERE ("tasks"."id" = 3) [0m
Rendering template within layouts/application
Rendering tasks/edit

ActionView::TemplateError (undefined method `task_path' for #<ActionView::Base:0x1035fb0f0>) on line #3 of app/views/tasks/edit.html.erb:
1: <h1>Editing task</h1>
2: 
3: <% form_for(@task) do |f| %>
4:   <%= f.error_messages %>
5: 
6:   <p>

    app/views/tasks/edit.html.erb:3
    /Users/sdavis/.rvm/rubies/ruby-1.8.7-p249/lib/ruby/1.8/webrick/httpserver.rb:104:in `service'
    /Users/sdavis/.rvm/rubies/ruby-1.8.7-p249/lib/ruby/1.8/webrick/httpserver.rb:65:in `run'
    /Users/sdavis/.rvm/rubies/ruby-1.8.7-p249/lib/ruby/1.8/webrick/server.rb:173:in `start_thread'
    /Users/sdavis/.rvm/rubies/ruby-1.8.7-p249/lib/ruby/1.8/webrick/server.rb:162:in `start'
    /Users/sdavis/.rvm/rubies/ruby-1.8.7-p249/lib/ruby/1.8/webrick/server.rb:162:in `start_thread'
    /Users/sdavis/.rvm/rubies/ruby-1.8.7-p249/lib/ruby/1.8/webrick/server.rb:95:in `start'
    /Users/sdavis/.rvm/rubies/ruby-1.8.7-p249/lib/ruby/1.8/webrick/server.rb:92:in `each'
    /Users/sdavis/.rvm/rubies/ruby-1.8.7-p249/lib/ruby/1.8/webrick/server.rb:92:in `start'
    /Users/sdavis/.rvm/rubies/ruby-1.8.7-p249/lib/ruby/1.8/webrick/server.rb:23:in `start'
    /Users/sdavis/.rvm/rubies/ruby-1.8.7-p249/lib/ruby/1.8/webrick/server.rb:82:in `start'

Rendered rescues/_trace (61.1ms)
Rendered rescues/_request_and_response (0.4ms)
Rendering rescues/layout (internal_server_error)


Processing TasksController#edit (for 127.0.0.1 at 2010-03-03 23:38:09) [GET]
  Parameters: {"project_id"=>"1", "id"=>"3"}
  [4;35;1mProject Load (0.2ms)[0m   [0mSELECT * FROM "projects" WHERE ("projects"."id" = 1) [0m
  [4;36;1mTask Load (0.4ms)[0m   [0;1mSELECT * FROM "tasks" WHERE ("tasks"."id" = 3) [0m
Rendering template within layouts/application
Rendering tasks/edit
  [4;35;1mProject Load (0.4ms)[0m   [0mSELECT * FROM "projects" [0m
  [4;36;1mCACHE (0.0ms)[0m   [0;1mSELECT * FROM "projects" WHERE ("projects"."id" = 1) [0m
Completed in 30ms (View: 18, DB: 1) | 200 OK [http://0.0.0.0/projects/1/tasks/3/edit]


Processing TasksController#update (for 127.0.0.1 at 2010-03-03 23:38:13) [PUT]
  Parameters: {"commit"=>"Update", "project_id"=>"1", "authenticity_token"=>"4WmwQ8mR0ytoM1bkwyKkewkM6Xj4W1soBL2jypo2XGY=", "id"=>"3", "task"=>{"name"=>"test", "parent"=>"1", "project"=>"1", "description"=>"foo"}}
  [4;35;1mProject Load (0.3ms)[0m   [0mSELECT * FROM "projects" WHERE ("projects"."id" = 1) [0m
  [4;36;1mTask Load (0.3ms)[0m   [0;1mSELECT * FROM "tasks" WHERE ("tasks"."id" = 3) [0m

ActiveRecord::AssociationTypeMismatch (Project(#2175605500) expected, got String(#2148389880)):
  app/controllers/tasks_controller.rb:78
  app/controllers/tasks_controller.rb:77:in `update'
  /Users/sdavis/.rvm/rubies/ruby-1.8.7-p249/lib/ruby/1.8/webrick/httpserver.rb:104:in `service'
  /Users/sdavis/.rvm/rubies/ruby-1.8.7-p249/lib/ruby/1.8/webrick/httpserver.rb:65:in `run'
  /Users/sdavis/.rvm/rubies/ruby-1.8.7-p249/lib/ruby/1.8/webrick/server.rb:173:in `start_thread'
  /Users/sdavis/.rvm/rubies/ruby-1.8.7-p249/lib/ruby/1.8/webrick/server.rb:162:in `start'
  /Users/sdavis/.rvm/rubies/ruby-1.8.7-p249/lib/ruby/1.8/webrick/server.rb:162:in `start_thread'
  /Users/sdavis/.rvm/rubies/ruby-1.8.7-p249/lib/ruby/1.8/webrick/server.rb:95:in `start'
  /Users/sdavis/.rvm/rubies/ruby-1.8.7-p249/lib/ruby/1.8/webrick/server.rb:92:in `each'
  /Users/sdavis/.rvm/rubies/ruby-1.8.7-p249/lib/ruby/1.8/webrick/server.rb:92:in `start'
  /Users/sdavis/.rvm/rubies/ruby-1.8.7-p249/lib/ruby/1.8/webrick/server.rb:23:in `start'
  /Users/sdavis/.rvm/rubies/ruby-1.8.7-p249/lib/ruby/1.8/webrick/server.rb:82:in `start'

Rendered rescues/_trace (54.5ms)
Rendered rescues/_request_and_response (0.5ms)
Rendering rescues/layout (internal_server_error)


Processing TasksController#update (for 127.0.0.1 at 2010-03-03 23:39:08) [PUT]
  Parameters: {"commit"=>"Update", "project_id"=>"1", "authenticity_token"=>"4WmwQ8mR0ytoM1bkwyKkewkM6Xj4W1soBL2jypo2XGY=", "id"=>"3", "task"=>{"name"=>"test", "parent"=>"1", "project"=>"1", "description"=>"foo"}}
  [4;35;1mProject Load (0.2ms)[0m   [0mSELECT * FROM "projects" WHERE ("projects"."id" = 1) [0m
  [4;36;1mTask Load (0.4ms)[0m   [0;1mSELECT * FROM "tasks" WHERE ("tasks"."id" = 3) [0m

ActiveRecord::AssociationTypeMismatch (Project(#2174360920) expected, got Fixnum(#2148379240)):
  app/controllers/tasks_controller.rb:78
  app/controllers/tasks_controller.rb:77:in `update'
  /Users/sdavis/.rvm/rubies/ruby-1.8.7-p249/lib/ruby/1.8/webrick/httpserver.rb:104:in `service'
  /Users/sdavis/.rvm/rubies/ruby-1.8.7-p249/lib/ruby/1.8/webrick/httpserver.rb:65:in `run'
  /Users/sdavis/.rvm/rubies/ruby-1.8.7-p249/lib/ruby/1.8/webrick/server.rb:173:in `start_thread'
  /Users/sdavis/.rvm/rubies/ruby-1.8.7-p249/lib/ruby/1.8/webrick/server.rb:162:in `start'
  /Users/sdavis/.rvm/rubies/ruby-1.8.7-p249/lib/ruby/1.8/webrick/server.rb:162:in `start_thread'
  /Users/sdavis/.rvm/rubies/ruby-1.8.7-p249/lib/ruby/1.8/webrick/server.rb:95:in `start'
  /Users/sdavis/.rvm/rubies/ruby-1.8.7-p249/lib/ruby/1.8/webrick/server.rb:92:in `each'
  /Users/sdavis/.rvm/rubies/ruby-1.8.7-p249/lib/ruby/1.8/webrick/server.rb:92:in `start'
  /Users/sdavis/.rvm/rubies/ruby-1.8.7-p249/lib/ruby/1.8/webrick/server.rb:23:in `start'
  /Users/sdavis/.rvm/rubies/ruby-1.8.7-p249/lib/ruby/1.8/webrick/server.rb:82:in `start'

Rendered rescues/_trace (66.4ms)
Rendered rescues/_request_and_response (0.4ms)
Rendering rescues/layout (internal_server_error)


Processing TasksController#update (for 127.0.0.1 at 2010-03-03 23:39:25) [PUT]
  Parameters: {"commit"=>"Update", "project_id"=>"1", "authenticity_token"=>"4WmwQ8mR0ytoM1bkwyKkewkM6Xj4W1soBL2jypo2XGY=", "id"=>"3", "task"=>{"name"=>"test", "parent"=>"1", "project"=>"1", "description"=>"foo"}}
  [4;35;1mProject Load (0.3ms)[0m   [0mSELECT * FROM "projects" WHERE ("projects"."id" = 1) [0m
  [4;36;1mTask Load (0.3ms)[0m   [0;1mSELECT * FROM "tasks" WHERE ("tasks"."id" = 3) [0m
  [4;35;1mTask Update (0.4ms)[0m   [0mUPDATE "tasks" SET "updated_at" = '2010-03-04 04:39:25', "parent" = 1 WHERE "id" = 3[0m
Redirected to http://0.0.0.0:3000/projects/1/tasks/3
Completed in 21ms (DB: 1) | 302 Found [http://0.0.0.0/projects/1/tasks/3]


Processing TasksController#show (for 127.0.0.1 at 2010-03-03 23:39:25) [GET]
  Parameters: {"project_id"=>"1", "id"=>"3"}
  [4;36;1mProject Load (0.2ms)[0m   [0;1mSELECT * FROM "projects" WHERE ("projects"."id" = 1) [0m
  [4;35;1mTask Load (0.3ms)[0m   [0mSELECT * FROM "tasks" WHERE ("tasks"."id" = 3) [0m
Rendering template within layouts/application
Rendering tasks/show
  [4;36;1mCACHE (0.0ms)[0m   [0;1mSELECT * FROM "projects" WHERE ("projects"."id" = 1) [0m
Completed in 18ms (View: 7, DB: 1) | 200 OK [http://0.0.0.0/projects/1/tasks/3]
  [4;36;1mTask Load (0.6ms)[0m   [0;1mSELECT * FROM "tasks" LIMIT 1[0m
  [4;35;1mTask Load (0.4ms)[0m   [0mSELECT * FROM "tasks" WHERE ("tasks".parent = 1) [0m
  [4;36;1mSQL (0.5ms)[0m   [0;1m SELECT name
 FROM sqlite_master
 WHERE type = 'table' AND NOT name = 'sqlite_sequence'
[0m
  [4;35;1mTask Load (0.2ms)[0m   [0mSELECT * FROM "tasks" WHERE ("tasks".parent = 3) [0m
